{"D:\\vibe coding\\carbon awareness platform\\server\\index.js": {"path":"D:\\vibe coding\\carbon awareness platform\\server\\index.js","statementMap":{"0":{"start":{"line":15,"column":0},"end":{"line":15,"column":16}},"1":{"start":{"line":17,"column":19},"end":{"line":17,"column":49}},"2":{"start":{"line":18,"column":18},"end":{"line":18,"column":42}},"3":{"start":{"line":19,"column":16},"end":{"line":19,"column":70}},"4":{"start":{"line":21,"column":12},"end":{"line":21,"column":21}},"5":{"start":{"line":22,"column":13},"end":{"line":22,"column":37}},"6":{"start":{"line":24,"column":0},"end":{"line":24,"column":26}},"7":{"start":{"line":26,"column":0},"end":{"line":26,"column":54}},"8":{"start":{"line":27,"column":0},"end":{"line":32,"column":2}},"9":{"start":{"line":33,"column":0},"end":{"line":33,"column":24}},"10":{"start":{"line":36,"column":20},"end":{"line":42,"column":2}},"11":{"start":{"line":46,"column":2},"end":{"line":58,"column":3}},"12":{"start":{"line":47,"column":17},"end":{"line":47,"column":49}},"13":{"start":{"line":48,"column":4},"end":{"line":48,"column":28}},"14":{"start":{"line":50,"column":4},"end":{"line":50,"column":81}},"15":{"start":{"line":51,"column":4},"end":{"line":57,"column":6}},"16":{"start":{"line":62,"column":2},"end":{"line":66,"column":3}},"17":{"start":{"line":63,"column":4},"end":{"line":63,"column":69}},"18":{"start":{"line":65,"column":4},"end":{"line":65,"column":49}},"19":{"start":{"line":71,"column":21},"end":{"line":71,"column":49}},"20":{"start":{"line":72,"column":16},"end":{"line":72,"column":54}},"21":{"start":{"line":74,"column":2},"end":{"line":76,"column":3}},"22":{"start":{"line":75,"column":4},"end":{"line":75,"column":59}},"23":{"start":{"line":78,"column":2},"end":{"line":84,"column":5}},"24":{"start":{"line":79,"column":4},"end":{"line":81,"column":5}},"25":{"start":{"line":80,"column":6},"end":{"line":80,"column":61}},"26":{"start":{"line":82,"column":4},"end":{"line":82,"column":29}},"27":{"start":{"line":83,"column":4},"end":{"line":83,"column":11}},"28":{"start":{"line":88,"column":0},"end":{"line":95,"column":3}},"29":{"start":{"line":89,"column":2},"end":{"line":94,"column":5}},"30":{"start":{"line":98,"column":0},"end":{"line":100,"column":3}},"31":{"start":{"line":99,"column":2},"end":{"line":99,"column":66}},"32":{"start":{"line":103,"column":21},"end":{"line":103,"column":22}},"33":{"start":{"line":104,"column":22},"end":{"line":104,"column":34}},"34":{"start":{"line":107,"column":15},"end":{"line":107,"column":24}},"35":{"start":{"line":108,"column":13},"end":{"line":108,"column":14}},"36":{"start":{"line":109,"column":14},"end":{"line":109,"column":15}},"37":{"start":{"line":110,"column":2},"end":{"line":115,"column":3}},"38":{"start":{"line":111,"column":4},"end":{"line":113,"column":5}},"39":{"start":{"line":112,"column":6},"end":{"line":112,"column":31}},"40":{"start":{"line":114,"column":4},"end":{"line":114,"column":27}},"41":{"start":{"line":116,"column":2},"end":{"line":116,"column":25}},"42":{"start":{"line":119,"column":0},"end":{"line":127,"column":9}},"43":{"start":{"line":120,"column":25},"end":{"line":120,"column":37}},"44":{"start":{"line":121,"column":25},"end":{"line":121,"column":67}},"45":{"start":{"line":122,"column":26},"end":{"line":122,"column":70}},"46":{"start":{"line":124,"column":2},"end":{"line":125,"column":91}},"47":{"start":{"line":126,"column":2},"end":{"line":126,"column":35}},"48":{"start":{"line":129,"column":0},"end":{"line":134,"column":3}},"49":{"start":{"line":130,"column":2},"end":{"line":133,"column":5}},"50":{"start":{"line":136,"column":0},"end":{"line":190,"column":3}},"51":{"start":{"line":137,"column":43},"end":{"line":137,"column":51}},"52":{"start":{"line":138,"column":2},"end":{"line":140,"column":3}},"53":{"start":{"line":139,"column":4},"end":{"line":139,"column":70}},"54":{"start":{"line":141,"column":13},"end":{"line":141,"column":21}},"55":{"start":{"line":144,"column":23},"end":{"line":144,"column":77}},"56":{"start":{"line":144,"column":59},"end":{"line":144,"column":76}},"57":{"start":{"line":145,"column":2},"end":{"line":147,"column":3}},"58":{"start":{"line":146,"column":4},"end":{"line":146,"column":82}},"59":{"start":{"line":149,"column":14},"end":{"line":149,"column":48}},"60":{"start":{"line":150,"column":25},"end":{"line":150,"column":56}},"61":{"start":{"line":151,"column":18},"end":{"line":175,"column":3}},"62":{"start":{"line":177,"column":2},"end":{"line":177,"column":26}},"63":{"start":{"line":178,"column":2},"end":{"line":178,"column":14}},"64":{"start":{"line":181,"column":30},"end":{"line":181,"column":44}},"65":{"start":{"line":182,"column":2},"end":{"line":182,"column":38}},"66":{"start":{"line":185,"column":16},"end":{"line":187,"column":4}},"67":{"start":{"line":189,"column":2},"end":{"line":189,"column":49}},"68":{"start":{"line":193,"column":0},"end":{"line":258,"column":3}},"69":{"start":{"line":194,"column":30},"end":{"line":194,"column":38}},"70":{"start":{"line":195,"column":2},"end":{"line":197,"column":3}},"71":{"start":{"line":196,"column":4},"end":{"line":196,"column":72}},"72":{"start":{"line":199,"column":13},"end":{"line":199,"column":21}},"73":{"start":{"line":203,"column":2},"end":{"line":213,"column":3}},"74":{"start":{"line":204,"column":4},"end":{"line":204,"column":43}},"75":{"start":{"line":205,"column":4},"end":{"line":212,"column":5}},"76":{"start":{"line":206,"column":6},"end":{"line":206,"column":51}},"77":{"start":{"line":207,"column":6},"end":{"line":209,"column":7}},"78":{"start":{"line":208,"column":8},"end":{"line":208,"column":65}},"79":{"start":{"line":210,"column":6},"end":{"line":210,"column":45}},"80":{"start":{"line":211,"column":6},"end":{"line":211,"column":18}},"81":{"start":{"line":215,"column":2},"end":{"line":217,"column":3}},"82":{"start":{"line":216,"column":4},"end":{"line":216,"column":66}},"83":{"start":{"line":216,"column":47},"end":{"line":216,"column":64}},"84":{"start":{"line":219,"column":2},"end":{"line":221,"column":3}},"85":{"start":{"line":220,"column":4},"end":{"line":220,"column":66}},"86":{"start":{"line":225,"column":4},"end":{"line":225,"column":91}},"87":{"start":{"line":228,"column":2},"end":{"line":238,"column":3}},"88":{"start":{"line":229,"column":4},"end":{"line":229,"column":66}},"89":{"start":{"line":231,"column":4},"end":{"line":231,"column":47}},"90":{"start":{"line":232,"column":4},"end":{"line":237,"column":5}},"91":{"start":{"line":234,"column":6},"end":{"line":234,"column":54}},"92":{"start":{"line":235,"column":6},"end":{"line":235,"column":32}},"93":{"start":{"line":236,"column":6},"end":{"line":236,"column":18}},"94":{"start":{"line":240,"column":2},"end":{"line":242,"column":3}},"95":{"start":{"line":241,"column":4},"end":{"line":241,"column":66}},"96":{"start":{"line":245,"column":2},"end":{"line":245,"column":47}},"97":{"start":{"line":246,"column":2},"end":{"line":246,"column":28}},"98":{"start":{"line":247,"column":2},"end":{"line":247,"column":14}},"99":{"start":{"line":249,"column":30},"end":{"line":249,"column":41}},"100":{"start":{"line":250,"column":2},"end":{"line":250,"column":38}},"101":{"start":{"line":253,"column":16},"end":{"line":255,"column":4}},"102":{"start":{"line":257,"column":2},"end":{"line":257,"column":49}},"103":{"start":{"line":261,"column":0},"end":{"line":378,"column":3}},"104":{"start":{"line":262,"column":21},"end":{"line":262,"column":29}},"105":{"start":{"line":263,"column":2},"end":{"line":265,"column":3}},"106":{"start":{"line":264,"column":4},"end":{"line":264,"column":69}},"107":{"start":{"line":267,"column":22},"end":{"line":267,"column":87}},"108":{"start":{"line":269,"column":2},"end":{"line":288,"column":3}},"109":{"start":{"line":270,"column":4},"end":{"line":270,"column":63}},"110":{"start":{"line":273,"column":4},"end":{"line":287,"column":6}},"111":{"start":{"line":291,"column":25},"end":{"line":291,"column":47}},"112":{"start":{"line":292,"column":22},"end":{"line":292,"column":63}},"113":{"start":{"line":293,"column":19},"end":{"line":293,"column":59}},"114":{"start":{"line":294,"column":25},"end":{"line":294,"column":71}},"115":{"start":{"line":295,"column":25},"end":{"line":295,"column":71}},"116":{"start":{"line":297,"column":20},"end":{"line":297,"column":81}},"117":{"start":{"line":298,"column":20},"end":{"line":298,"column":41}},"118":{"start":{"line":299,"column":22},"end":{"line":299,"column":45}},"119":{"start":{"line":300,"column":23},"end":{"line":300,"column":56}},"120":{"start":{"line":302,"column":22},"end":{"line":302,"column":59}},"121":{"start":{"line":303,"column":26},"end":{"line":303,"column":59}},"122":{"start":{"line":305,"column":23},"end":{"line":305,"column":51}},"123":{"start":{"line":306,"column":28},"end":{"line":306,"column":77}},"124":{"start":{"line":307,"column":27},"end":{"line":307,"column":67}},"125":{"start":{"line":308,"column":26},"end":{"line":308,"column":62}},"126":{"start":{"line":310,"column":25},"end":{"line":310,"column":74}},"127":{"start":{"line":313,"column":20},"end":{"line":313,"column":37}},"128":{"start":{"line":314,"column":19},"end":{"line":314,"column":53}},"129":{"start":{"line":315,"column":21},"end":{"line":315,"column":53}},"130":{"start":{"line":316,"column":27},"end":{"line":316,"column":70}},"131":{"start":{"line":318,"column":21},"end":{"line":318,"column":70}},"132":{"start":{"line":319,"column":26},"end":{"line":319,"column":88}},"133":{"start":{"line":320,"column":30},"end":{"line":320,"column":64}},"134":{"start":{"line":322,"column":20},"end":{"line":322,"column":76}},"135":{"start":{"line":325,"column":20},"end":{"line":325,"column":37}},"136":{"start":{"line":326,"column":21},"end":{"line":326,"column":58}},"137":{"start":{"line":327,"column":31},"end":{"line":327,"column":78}},"138":{"start":{"line":329,"column":31},"end":{"line":329,"column":80}},"139":{"start":{"line":330,"column":23},"end":{"line":330,"column":80}},"140":{"start":{"line":332,"column":20},"end":{"line":332,"column":55}},"141":{"start":{"line":335,"column":25},"end":{"line":335,"column":47}},"142":{"start":{"line":336,"column":31},"end":{"line":336,"column":83}},"143":{"start":{"line":337,"column":28},"end":{"line":337,"column":77}},"144":{"start":{"line":338,"column":26},"end":{"line":338,"column":69}},"145":{"start":{"line":340,"column":25},"end":{"line":340,"column":68}},"146":{"start":{"line":341,"column":23},"end":{"line":341,"column":57}},"147":{"start":{"line":343,"column":4},"end":{"line":343,"column":77}},"148":{"start":{"line":345,"column":28},"end":{"line":345,"column":70}},"149":{"start":{"line":346,"column":26},"end":{"line":346,"column":64}},"150":{"start":{"line":348,"column":25},"end":{"line":348,"column":84}},"151":{"start":{"line":350,"column":18},"end":{"line":350,"column":73}},"152":{"start":{"line":351,"column":20},"end":{"line":351,"column":34}},"153":{"start":{"line":354,"column":19},"end":{"line":354,"column":76}},"154":{"start":{"line":355,"column":2},"end":{"line":355,"column":38}},"155":{"start":{"line":357,"column":14},"end":{"line":357,"column":24}},"156":{"start":{"line":358,"column":2},"end":{"line":360,"column":48}},"157":{"start":{"line":358,"column":25},"end":{"line":358,"column":44}},"158":{"start":{"line":359,"column":7},"end":{"line":360,"column":48}},"159":{"start":{"line":359,"column":30},"end":{"line":359,"column":45}},"160":{"start":{"line":360,"column":7},"end":{"line":360,"column":48}},"161":{"start":{"line":360,"column":30},"end":{"line":360,"column":48}},"162":{"start":{"line":362,"column":26},"end":{"line":375,"column":3}},"163":{"start":{"line":377,"column":2},"end":{"line":377,"column":41}},"164":{"start":{"line":381,"column":0},"end":{"line":424,"column":3}},"165":{"start":{"line":382,"column":35},"end":{"line":382,"column":43}},"166":{"start":{"line":383,"column":2},"end":{"line":385,"column":3}},"167":{"start":{"line":384,"column":4},"end":{"line":384,"column":78}},"168":{"start":{"line":387,"column":2},"end":{"line":389,"column":3}},"169":{"start":{"line":388,"column":4},"end":{"line":388,"column":56}},"170":{"start":{"line":391,"column":13},"end":{"line":391,"column":21}},"171":{"start":{"line":392,"column":20},"end":{"line":392,"column":44}},"172":{"start":{"line":395,"column":2},"end":{"line":395,"column":51}},"173":{"start":{"line":395,"column":27},"end":{"line":395,"column":51}},"174":{"start":{"line":396,"column":2},"end":{"line":396,"column":61}},"175":{"start":{"line":396,"column":32},"end":{"line":396,"column":61}},"176":{"start":{"line":397,"column":2},"end":{"line":397,"column":97}},"177":{"start":{"line":397,"column":22},"end":{"line":397,"column":97}},"178":{"start":{"line":400,"column":2},"end":{"line":405,"column":4}},"179":{"start":{"line":408,"column":2},"end":{"line":408,"column":48}},"180":{"start":{"line":409,"column":2},"end":{"line":409,"column":38}},"181":{"start":{"line":410,"column":2},"end":{"line":410,"column":41}},"182":{"start":{"line":413,"column":2},"end":{"line":420,"column":4}},"183":{"start":{"line":422,"column":2},"end":{"line":422,"column":14}},"184":{"start":{"line":423,"column":2},"end":{"line":423,"column":46}},"185":{"start":{"line":427,"column":0},"end":{"line":447,"column":3}},"186":{"start":{"line":428,"column":18},"end":{"line":428,"column":28}},"187":{"start":{"line":429,"column":2},"end":{"line":431,"column":3}},"188":{"start":{"line":430,"column":4},"end":{"line":430,"column":56}},"189":{"start":{"line":432,"column":13},"end":{"line":432,"column":21}},"190":{"start":{"line":434,"column":2},"end":{"line":436,"column":3}},"191":{"start":{"line":435,"column":4},"end":{"line":435,"column":24}},"192":{"start":{"line":438,"column":15},"end":{"line":442,"column":5}},"193":{"start":{"line":438,"column":75},"end":{"line":442,"column":3}},"194":{"start":{"line":445,"column":2},"end":{"line":445,"column":75}},"195":{"start":{"line":445,"column":22},"end":{"line":445,"column":73}},"196":{"start":{"line":446,"column":2},"end":{"line":446,"column":17}},"197":{"start":{"line":450,"column":0},"end":{"line":559,"column":3}},"198":{"start":{"line":451,"column":46},"end":{"line":451,"column":54}},"199":{"start":{"line":452,"column":2},"end":{"line":454,"column":3}},"200":{"start":{"line":453,"column":4},"end":{"line":453,"column":56}},"201":{"start":{"line":455,"column":2},"end":{"line":457,"column":3}},"202":{"start":{"line":456,"column":4},"end":{"line":456,"column":69}},"203":{"start":{"line":459,"column":13},"end":{"line":459,"column":21}},"204":{"start":{"line":460,"column":17},"end":{"line":460,"column":46}},"205":{"start":{"line":462,"column":26},"end":{"line":462,"column":97}},"206":{"start":{"line":463,"column":23},"end":{"line":465,"column":13}},"207":{"start":{"line":467,"column":23},"end":{"line":477,"column":75}},"208":{"start":{"line":479,"column":22},"end":{"line":487,"column":33}},"209":{"start":{"line":491,"column":2},"end":{"line":529,"column":3}},"210":{"start":{"line":492,"column":4},"end":{"line":525,"column":5}},"211":{"start":{"line":493,"column":6},"end":{"line":493,"column":70}},"212":{"start":{"line":494,"column":23},"end":{"line":511,"column":7}},"213":{"start":{"line":513,"column":22},"end":{"line":513,"column":61}},"214":{"start":{"line":515,"column":24},"end":{"line":515,"column":44}},"215":{"start":{"line":516,"column":22},"end":{"line":516,"column":50}},"216":{"start":{"line":517,"column":6},"end":{"line":521,"column":7}},"217":{"start":{"line":518,"column":8},"end":{"line":518,"column":72}},"218":{"start":{"line":520,"column":8},"end":{"line":520,"column":42}},"219":{"start":{"line":523,"column":6},"end":{"line":523,"column":90}},"220":{"start":{"line":524,"column":6},"end":{"line":524,"column":63}},"221":{"start":{"line":527,"column":4},"end":{"line":527,"column":78}},"222":{"start":{"line":528,"column":4},"end":{"line":528,"column":61}},"223":{"start":{"line":532,"column":2},"end":{"line":556,"column":3}},"224":{"start":{"line":533,"column":21},"end":{"line":533,"column":59}},"225":{"start":{"line":534,"column":30},"end":{"line":536,"column":5}},"226":{"start":{"line":535,"column":13},"end":{"line":535,"column":89}},"227":{"start":{"line":538,"column":24},"end":{"line":547,"column":7}},"228":{"start":{"line":539,"column":19},"end":{"line":543,"column":7}},"229":{"start":{"line":546,"column":10},"end":{"line":546,"column":99}},"230":{"start":{"line":546,"column":48},"end":{"line":546,"column":98}},"231":{"start":{"line":549,"column":4},"end":{"line":554,"column":6}},"232":{"start":{"line":555,"column":4},"end":{"line":555,"column":16}},"233":{"start":{"line":558,"column":2},"end":{"line":558,"column":77}},"234":{"start":{"line":563,"column":20},"end":{"line":568,"column":3}},"235":{"start":{"line":569,"column":28},"end":{"line":571,"column":29}},"236":{"start":{"line":570,"column":20},"end":{"line":570,"column":31}},"237":{"start":{"line":571,"column":20},"end":{"line":571,"column":28}},"238":{"start":{"line":572,"column":26},"end":{"line":572,"column":61}},"239":{"start":{"line":574,"column":21},"end":{"line":697,"column":3}},"240":{"start":{"line":702,"column":19},"end":{"line":702,"column":21}},"241":{"start":{"line":703,"column":21},"end":{"line":713,"column":3}},"242":{"start":{"line":704,"column":18},"end":{"line":704,"column":39}},"243":{"start":{"line":705,"column":16},"end":{"line":705,"column":17}},"244":{"start":{"line":706,"column":4},"end":{"line":712,"column":5}},"245":{"start":{"line":707,"column":6},"end":{"line":707,"column":32}},"246":{"start":{"line":707,"column":26},"end":{"line":707,"column":32}},"247":{"start":{"line":708,"column":6},"end":{"line":711,"column":7}},"248":{"start":{"line":708,"column":32},"end":{"line":708,"column":54}},"249":{"start":{"line":709,"column":8},"end":{"line":709,"column":64}},"250":{"start":{"line":710,"column":8},"end":{"line":710,"column":16}},"251":{"start":{"line":716,"column":2},"end":{"line":716,"column":33}},"252":{"start":{"line":719,"column":20},"end":{"line":719,"column":80}},"253":{"start":{"line":719,"column":58},"end":{"line":719,"column":79}},"254":{"start":{"line":720,"column":2},"end":{"line":722,"column":3}},"255":{"start":{"line":721,"column":4},"end":{"line":721,"column":23}},"256":{"start":{"line":725,"column":2},"end":{"line":728,"column":3}},"257":{"start":{"line":726,"column":4},"end":{"line":726,"column":36}},"258":{"start":{"line":726,"column":30},"end":{"line":726,"column":36}},"259":{"start":{"line":727,"column":4},"end":{"line":727,"column":23}},"260":{"start":{"line":731,"column":2},"end":{"line":731,"column":63}},"261":{"start":{"line":731,"column":39},"end":{"line":731,"column":60}},"262":{"start":{"line":732,"column":2},"end":{"line":732,"column":65}},"263":{"start":{"line":732,"column":39},"end":{"line":732,"column":62}},"264":{"start":{"line":733,"column":2},"end":{"line":733,"column":63}},"265":{"start":{"line":733,"column":39},"end":{"line":733,"column":60}},"266":{"start":{"line":735,"column":2},"end":{"line":735,"column":30}},"267":{"start":{"line":739,"column":0},"end":{"line":810,"column":3}},"268":{"start":{"line":740,"column":36},"end":{"line":740,"column":44}},"269":{"start":{"line":741,"column":2},"end":{"line":743,"column":3}},"270":{"start":{"line":742,"column":4},"end":{"line":742,"column":69}},"271":{"start":{"line":746,"column":17},"end":{"line":746,"column":43}},"272":{"start":{"line":747,"column":18},"end":{"line":747,"column":35}},"273":{"start":{"line":749,"column":23},"end":{"line":760,"column":83}},"274":{"start":{"line":764,"column":25},"end":{"line":767,"column":5}},"275":{"start":{"line":764,"column":48},"end":{"line":767,"column":3}},"276":{"start":{"line":769,"column":2},"end":{"line":771,"column":3}},"277":{"start":{"line":770,"column":4},"end":{"line":770,"column":69}},"278":{"start":{"line":773,"column":2},"end":{"line":809,"column":3}},"279":{"start":{"line":774,"column":4},"end":{"line":803,"column":5}},"280":{"start":{"line":775,"column":6},"end":{"line":775,"column":72}},"281":{"start":{"line":776,"column":23},"end":{"line":790,"column":7}},"282":{"start":{"line":793,"column":8},"end":{"line":793,"column":99}},"283":{"start":{"line":794,"column":6},"end":{"line":794,"column":33}},"284":{"start":{"line":796,"column":6},"end":{"line":796,"column":67}},"285":{"start":{"line":797,"column":6},"end":{"line":799,"column":7}},"286":{"start":{"line":798,"column":8},"end":{"line":798,"column":59}},"287":{"start":{"line":800,"column":27},"end":{"line":800,"column":82}},"288":{"start":{"line":801,"column":28},"end":{"line":801,"column":79}},"289":{"start":{"line":802,"column":6},"end":{"line":802,"column":48}},"290":{"start":{"line":806,"column":25},"end":{"line":806,"column":80}},"291":{"start":{"line":807,"column":26},"end":{"line":807,"column":77}},"292":{"start":{"line":808,"column":4},"end":{"line":808,"column":46}},"293":{"start":{"line":813,"column":16},"end":{"line":813,"column":38}},"294":{"start":{"line":814,"column":15},"end":{"line":814,"column":44}},"295":{"start":{"line":815,"column":16},"end":{"line":815,"column":43}},"296":{"start":{"line":816,"column":17},"end":{"line":816,"column":51}},"297":{"start":{"line":819,"column":21},"end":{"line":819,"column":41}},"298":{"start":{"line":820,"column":25},"end":{"line":820,"column":90}},"299":{"start":{"line":822,"column":4},"end":{"line":822,"column":91}},"300":{"start":{"line":823,"column":22},"end":{"line":823,"column":89}},"301":{"start":{"line":824,"column":25},"end":{"line":824,"column":87}},"302":{"start":{"line":825,"column":21},"end":{"line":825,"column":56}},"303":{"start":{"line":827,"column":2},"end":{"line":829,"column":3}},"304":{"start":{"line":828,"column":4},"end":{"line":828,"column":213}},"305":{"start":{"line":830,"column":2},"end":{"line":832,"column":3}},"306":{"start":{"line":831,"column":4},"end":{"line":831,"column":263}},"307":{"start":{"line":833,"column":2},"end":{"line":835,"column":3}},"308":{"start":{"line":834,"column":4},"end":{"line":834,"column":257}},"309":{"start":{"line":836,"column":2},"end":{"line":838,"column":3}},"310":{"start":{"line":837,"column":4},"end":{"line":837,"column":255}},"311":{"start":{"line":839,"column":2},"end":{"line":841,"column":3}},"312":{"start":{"line":840,"column":4},"end":{"line":840,"column":243}},"313":{"start":{"line":842,"column":2},"end":{"line":844,"column":3}},"314":{"start":{"line":843,"column":4},"end":{"line":843,"column":224}},"315":{"start":{"line":846,"column":2},"end":{"line":846,"column":268}},"316":{"start":{"line":850,"column":16},"end":{"line":850,"column":18}},"317":{"start":{"line":852,"column":0},"end":{"line":916,"column":3}},"318":{"start":{"line":853,"column":17},"end":{"line":853,"column":43}},"319":{"start":{"line":854,"column":23},"end":{"line":862,"column":3}},"320":{"start":{"line":864,"column":2},"end":{"line":867,"column":3}},"321":{"start":{"line":865,"column":22},"end":{"line":865,"column":83}},"322":{"start":{"line":866,"column":4},"end":{"line":866,"column":40}},"323":{"start":{"line":870,"column":2},"end":{"line":873,"column":3}},"324":{"start":{"line":871,"column":16},"end":{"line":871,"column":33}},"325":{"start":{"line":872,"column":4},"end":{"line":872,"column":29}},"326":{"start":{"line":875,"column":17},"end":{"line":878,"column":93}},"327":{"start":{"line":880,"column":2},"end":{"line":915,"column":3}},"328":{"start":{"line":881,"column":21},"end":{"line":891,"column":5}},"329":{"start":{"line":893,"column":26},"end":{"line":893,"column":83}},"330":{"start":{"line":894,"column":4},"end":{"line":909,"column":5}},"331":{"start":{"line":895,"column":6},"end":{"line":908,"column":7}},"332":{"start":{"line":896,"column":26},"end":{"line":899,"column":17}},"333":{"start":{"line":900,"column":27},"end":{"line":900,"column":48}},"334":{"start":{"line":901,"column":8},"end":{"line":905,"column":9}},"335":{"start":{"line":902,"column":10},"end":{"line":902,"column":33}},"336":{"start":{"line":903,"column":22},"end":{"line":903,"column":39}},"337":{"start":{"line":904,"column":10},"end":{"line":904,"column":35}},"338":{"start":{"line":907,"column":8},"end":{"line":907,"column":69}},"339":{"start":{"line":910,"column":4},"end":{"line":910,"column":64}},"340":{"start":{"line":912,"column":4},"end":{"line":912,"column":67}},"341":{"start":{"line":913,"column":22},"end":{"line":913,"column":83}},"342":{"start":{"line":914,"column":4},"end":{"line":914,"column":40}},"343":{"start":{"line":919,"column":0},"end":{"line":1011,"column":3}},"344":{"start":{"line":920,"column":40},"end":{"line":920,"column":48}},"345":{"start":{"line":921,"column":2},"end":{"line":923,"column":3}},"346":{"start":{"line":922,"column":4},"end":{"line":922,"column":83}},"347":{"start":{"line":925,"column":2},"end":{"line":927,"column":3}},"348":{"start":{"line":926,"column":4},"end":{"line":926,"column":56}},"349":{"start":{"line":929,"column":13},"end":{"line":929,"column":21}},"350":{"start":{"line":930,"column":20},"end":{"line":930,"column":44}},"351":{"start":{"line":933,"column":2},"end":{"line":933,"column":75}},"352":{"start":{"line":933,"column":24},"end":{"line":933,"column":75}},"353":{"start":{"line":934,"column":2},"end":{"line":934,"column":65}},"354":{"start":{"line":934,"column":34},"end":{"line":934,"column":65}},"355":{"start":{"line":937,"column":2},"end":{"line":946,"column":4}},"356":{"start":{"line":949,"column":2},"end":{"line":956,"column":3}},"357":{"start":{"line":950,"column":16},"end":{"line":952,"column":5}},"358":{"start":{"line":951,"column":13},"end":{"line":951,"column":62}},"359":{"start":{"line":953,"column":4},"end":{"line":955,"column":5}},"360":{"start":{"line":954,"column":6},"end":{"line":954,"column":63}},"361":{"start":{"line":959,"column":2},"end":{"line":1007,"column":3}},"362":{"start":{"line":961,"column":4},"end":{"line":961,"column":86}},"363":{"start":{"line":964,"column":26},"end":{"line":964,"column":54}},"364":{"start":{"line":965,"column":4},"end":{"line":975,"column":5}},"365":{"start":{"line":966,"column":23},"end":{"line":966,"column":46}},"366":{"start":{"line":967,"column":22},"end":{"line":967,"column":64}},"367":{"start":{"line":968,"column":6},"end":{"line":972,"column":7}},"368":{"start":{"line":969,"column":8},"end":{"line":969,"column":71}},"369":{"start":{"line":970,"column":13},"end":{"line":972,"column":7}},"370":{"start":{"line":971,"column":8},"end":{"line":971,"column":37}},"371":{"start":{"line":974,"column":6},"end":{"line":974,"column":35}},"372":{"start":{"line":976,"column":4},"end":{"line":976,"column":45}},"373":{"start":{"line":979,"column":19},"end":{"line":979,"column":45}},"374":{"start":{"line":980,"column":27},"end":{"line":980,"column":72}},"375":{"start":{"line":982,"column":4},"end":{"line":982,"column":66}},"376":{"start":{"line":982,"column":40},"end":{"line":982,"column":66}},"377":{"start":{"line":983,"column":4},"end":{"line":984,"column":36}},"378":{"start":{"line":984,"column":6},"end":{"line":984,"column":36}},"379":{"start":{"line":985,"column":4},"end":{"line":986,"column":40}},"380":{"start":{"line":986,"column":6},"end":{"line":986,"column":40}},"381":{"start":{"line":987,"column":4},"end":{"line":988,"column":35}},"382":{"start":{"line":988,"column":6},"end":{"line":988,"column":35}},"383":{"start":{"line":989,"column":4},"end":{"line":989,"column":93}},"384":{"start":{"line":989,"column":65},"end":{"line":989,"column":93}},"385":{"start":{"line":991,"column":4},"end":{"line":991,"column":34}},"386":{"start":{"line":994,"column":18},"end":{"line":994,"column":42}},"387":{"start":{"line":995,"column":16},"end":{"line":995,"column":26}},"388":{"start":{"line":996,"column":4},"end":{"line":998,"column":45}},"389":{"start":{"line":996,"column":22},"end":{"line":996,"column":41}},"390":{"start":{"line":997,"column":9},"end":{"line":998,"column":45}},"391":{"start":{"line":997,"column":27},"end":{"line":997,"column":42}},"392":{"start":{"line":998,"column":9},"end":{"line":998,"column":45}},"393":{"start":{"line":998,"column":27},"end":{"line":998,"column":45}},"394":{"start":{"line":999,"column":4},"end":{"line":999,"column":32}},"395":{"start":{"line":1002,"column":4},"end":{"line":1006,"column":5}},"396":{"start":{"line":1003,"column":6},"end":{"line":1003,"column":64}},"397":{"start":{"line":1004,"column":6},"end":{"line":1004,"column":54}},"398":{"start":{"line":1005,"column":6},"end":{"line":1005,"column":50}},"399":{"start":{"line":1009,"column":2},"end":{"line":1009,"column":14}},"400":{"start":{"line":1010,"column":2},"end":{"line":1010,"column":29}},"401":{"start":{"line":1014,"column":0},"end":{"line":1044,"column":3}},"402":{"start":{"line":1015,"column":30},"end":{"line":1015,"column":38}},"403":{"start":{"line":1016,"column":2},"end":{"line":1018,"column":3}},"404":{"start":{"line":1017,"column":4},"end":{"line":1017,"column":77}},"405":{"start":{"line":1020,"column":2},"end":{"line":1022,"column":3}},"406":{"start":{"line":1021,"column":4},"end":{"line":1021,"column":56}},"407":{"start":{"line":1024,"column":13},"end":{"line":1024,"column":21}},"408":{"start":{"line":1025,"column":2},"end":{"line":1032,"column":3}},"409":{"start":{"line":1026,"column":4},"end":{"line":1031,"column":6}},"410":{"start":{"line":1034,"column":24},"end":{"line":1039,"column":3}},"411":{"start":{"line":1041,"column":2},"end":{"line":1041,"column":57}},"412":{"start":{"line":1042,"column":2},"end":{"line":1042,"column":14}},"413":{"start":{"line":1043,"column":2},"end":{"line":1043,"column":57}},"414":{"start":{"line":1047,"column":0},"end":{"line":1053,"column":3}},"415":{"start":{"line":1048,"column":13},"end":{"line":1048,"column":21}},"416":{"start":{"line":1049,"column":15},"end":{"line":1049,"column":44}},"417":{"start":{"line":1051,"column":2},"end":{"line":1051,"column":51}},"418":{"start":{"line":1051,"column":22},"end":{"line":1051,"column":49}},"419":{"start":{"line":1052,"column":2},"end":{"line":1052,"column":30}},"420":{"start":{"line":1056,"column":0},"end":{"line":1066,"column":3}},"421":{"start":{"line":1057,"column":18},"end":{"line":1057,"column":28}},"422":{"start":{"line":1058,"column":2},"end":{"line":1060,"column":3}},"423":{"start":{"line":1059,"column":4},"end":{"line":1059,"column":56}},"424":{"start":{"line":1061,"column":13},"end":{"line":1061,"column":21}},"425":{"start":{"line":1062,"column":2},"end":{"line":1064,"column":3}},"426":{"start":{"line":1063,"column":4},"end":{"line":1063,"column":24}},"427":{"start":{"line":1065,"column":2},"end":{"line":1065,"column":53}},"428":{"start":{"line":1069,"column":0},"end":{"line":1127,"column":3}},"429":{"start":{"line":1070,"column":27},"end":{"line":1070,"column":35}},"430":{"start":{"line":1071,"column":2},"end":{"line":1073,"column":3}},"431":{"start":{"line":1072,"column":4},"end":{"line":1072,"column":74}},"432":{"start":{"line":1075,"column":2},"end":{"line":1077,"column":3}},"433":{"start":{"line":1076,"column":4},"end":{"line":1076,"column":56}},"434":{"start":{"line":1079,"column":13},"end":{"line":1079,"column":21}},"435":{"start":{"line":1080,"column":20},"end":{"line":1080,"column":44}},"436":{"start":{"line":1082,"column":2},"end":{"line":1113,"column":4}},"437":{"start":{"line":1116,"column":2},"end":{"line":1123,"column":4}},"438":{"start":{"line":1125,"column":2},"end":{"line":1125,"column":14}},"439":{"start":{"line":1126,"column":2},"end":{"line":1126,"column":51}},"440":{"start":{"line":1129,"column":0},"end":{"line":1140,"column":3}},"441":{"start":{"line":1130,"column":18},"end":{"line":1130,"column":28}},"442":{"start":{"line":1131,"column":2},"end":{"line":1133,"column":3}},"443":{"start":{"line":1132,"column":4},"end":{"line":1132,"column":56}},"444":{"start":{"line":1134,"column":13},"end":{"line":1134,"column":21}},"445":{"start":{"line":1135,"column":2},"end":{"line":1138,"column":3}},"446":{"start":{"line":1137,"column":4},"end":{"line":1137,"column":61}},"447":{"start":{"line":1139,"column":2},"end":{"line":1139,"column":26}},"448":{"start":{"line":1143,"column":0},"end":{"line":1145,"column":3}},"449":{"start":{"line":1144,"column":2},"end":{"line":1144,"column":56}}},"fnMap":{"0":{"name":"readDb","decl":{"start":{"line":45,"column":9},"end":{"line":45,"column":15}},"loc":{"start":{"line":45,"column":18},"end":{"line":59,"column":1}},"line":45},"1":{"name":"writeDb","decl":{"start":{"line":61,"column":9},"end":{"line":61,"column":16}},"loc":{"start":{"line":61,"column":23},"end":{"line":67,"column":1}},"line":61},"2":{"name":"authenticateToken","decl":{"start":{"line":70,"column":9},"end":{"line":70,"column":26}},"loc":{"start":{"line":70,"column":43},"end":{"line":85,"column":1}},"line":70},"3":{"name":"(anonymous_3)","decl":{"start":{"line":78,"column":44},"end":{"line":78,"column":45}},"loc":{"start":{"line":78,"column":62},"end":{"line":84,"column":3}},"line":78},"4":{"name":"(anonymous_4)","decl":{"start":{"line":88,"column":13},"end":{"line":88,"column":14}},"loc":{"start":{"line":88,"column":27},"end":{"line":95,"column":1}},"line":88},"5":{"name":"(anonymous_5)","decl":{"start":{"line":98,"column":23},"end":{"line":98,"column":24}},"loc":{"start":{"line":98,"column":37},"end":{"line":100,"column":1}},"line":98},"6":{"name":"getCpuInfo","decl":{"start":{"line":106,"column":9},"end":{"line":106,"column":19}},"loc":{"start":{"line":106,"column":22},"end":{"line":117,"column":1}},"line":106},"7":{"name":"(anonymous_7)","decl":{"start":{"line":119,"column":12},"end":{"line":119,"column":13}},"loc":{"start":{"line":119,"column":18},"end":{"line":127,"column":1}},"line":119},"8":{"name":"(anonymous_8)","decl":{"start":{"line":129,"column":29},"end":{"line":129,"column":30}},"loc":{"start":{"line":129,"column":43},"end":{"line":134,"column":1}},"line":129},"9":{"name":"(anonymous_9)","decl":{"start":{"line":136,"column":44},"end":{"line":136,"column":45}},"loc":{"start":{"line":136,"column":64},"end":{"line":190,"column":1}},"line":136},"10":{"name":"(anonymous_10)","decl":{"start":{"line":144,"column":52},"end":{"line":144,"column":53}},"loc":{"start":{"line":144,"column":59},"end":{"line":144,"column":76}},"line":144},"11":{"name":"(anonymous_11)","decl":{"start":{"line":193,"column":41},"end":{"line":193,"column":42}},"loc":{"start":{"line":193,"column":61},"end":{"line":258,"column":1}},"line":193},"12":{"name":"(anonymous_12)","decl":{"start":{"line":216,"column":40},"end":{"line":216,"column":41}},"loc":{"start":{"line":216,"column":47},"end":{"line":216,"column":64}},"line":216},"13":{"name":"(anonymous_13)","decl":{"start":{"line":261,"column":37},"end":{"line":261,"column":38}},"loc":{"start":{"line":261,"column":51},"end":{"line":378,"column":1}},"line":261},"14":{"name":"(anonymous_14)","decl":{"start":{"line":381,"column":51},"end":{"line":381,"column":52}},"loc":{"start":{"line":381,"column":65},"end":{"line":424,"column":1}},"line":381},"15":{"name":"(anonymous_15)","decl":{"start":{"line":427,"column":58},"end":{"line":427,"column":59}},"loc":{"start":{"line":427,"column":72},"end":{"line":447,"column":1}},"line":427},"16":{"name":"(anonymous_16)","decl":{"start":{"line":438,"column":59},"end":{"line":438,"column":60}},"loc":{"start":{"line":438,"column":75},"end":{"line":442,"column":3}},"line":438},"17":{"name":"(anonymous_17)","decl":{"start":{"line":445,"column":12},"end":{"line":445,"column":13}},"loc":{"start":{"line":445,"column":22},"end":{"line":445,"column":73}},"line":445},"18":{"name":"(anonymous_18)","decl":{"start":{"line":450,"column":51},"end":{"line":450,"column":52}},"loc":{"start":{"line":450,"column":71},"end":{"line":559,"column":1}},"line":450},"19":{"name":"(anonymous_19)","decl":{"start":{"line":535,"column":6},"end":{"line":535,"column":7}},"loc":{"start":{"line":535,"column":13},"end":{"line":535,"column":89}},"line":535},"20":{"name":"(anonymous_20)","decl":{"start":{"line":539,"column":11},"end":{"line":539,"column":12}},"loc":{"start":{"line":539,"column":19},"end":{"line":543,"column":7}},"line":539},"21":{"name":"(anonymous_21)","decl":{"start":{"line":545,"column":8},"end":{"line":545,"column":9}},"loc":{"start":{"line":546,"column":10},"end":{"line":546,"column":99}},"line":546},"22":{"name":"(anonymous_22)","decl":{"start":{"line":546,"column":34},"end":{"line":546,"column":35}},"loc":{"start":{"line":546,"column":48},"end":{"line":546,"column":98}},"line":546},"23":{"name":"generateFallbackSuggestions","decl":{"start":{"line":562,"column":9},"end":{"line":562,"column":36}},"loc":{"start":{"line":562,"column":52},"end":{"line":736,"column":1}},"line":562},"24":{"name":"(anonymous_24)","decl":{"start":{"line":570,"column":10},"end":{"line":570,"column":11}},"loc":{"start":{"line":570,"column":20},"end":{"line":570,"column":31}},"line":570},"25":{"name":"(anonymous_25)","decl":{"start":{"line":571,"column":9},"end":{"line":571,"column":10}},"loc":{"start":{"line":571,"column":20},"end":{"line":571,"column":28}},"line":571},"26":{"name":"(anonymous_26)","decl":{"start":{"line":703,"column":21},"end":{"line":703,"column":22}},"loc":{"start":{"line":703,"column":37},"end":{"line":713,"column":3}},"line":703},"27":{"name":"(anonymous_27)","decl":{"start":{"line":708,"column":25},"end":{"line":708,"column":26}},"loc":{"start":{"line":708,"column":32},"end":{"line":708,"column":54}},"line":708},"28":{"name":"(anonymous_28)","decl":{"start":{"line":719,"column":51},"end":{"line":719,"column":52}},"loc":{"start":{"line":719,"column":58},"end":{"line":719,"column":79}},"line":719},"29":{"name":"(anonymous_29)","decl":{"start":{"line":731,"column":31},"end":{"line":731,"column":32}},"loc":{"start":{"line":731,"column":39},"end":{"line":731,"column":60}},"line":731},"30":{"name":"(anonymous_30)","decl":{"start":{"line":732,"column":31},"end":{"line":732,"column":32}},"loc":{"start":{"line":732,"column":39},"end":{"line":732,"column":62}},"line":732},"31":{"name":"(anonymous_31)","decl":{"start":{"line":733,"column":31},"end":{"line":733,"column":32}},"loc":{"start":{"line":733,"column":39},"end":{"line":733,"column":60}},"line":733},"32":{"name":"(anonymous_32)","decl":{"start":{"line":739,"column":25},"end":{"line":739,"column":26}},"loc":{"start":{"line":739,"column":45},"end":{"line":810,"column":1}},"line":739},"33":{"name":"(anonymous_33)","decl":{"start":{"line":764,"column":38},"end":{"line":764,"column":39}},"loc":{"start":{"line":764,"column":48},"end":{"line":767,"column":3}},"line":764},"34":{"name":"generateFallbackChatResponse","decl":{"start":{"line":812,"column":9},"end":{"line":812,"column":37}},"loc":{"start":{"line":812,"column":57},"end":{"line":847,"column":1}},"line":812},"35":{"name":"(anonymous_35)","decl":{"start":{"line":852,"column":24},"end":{"line":852,"column":25}},"loc":{"start":{"line":852,"column":44},"end":{"line":916,"column":1}},"line":852},"36":{"name":"(anonymous_36)","decl":{"start":{"line":919,"column":48},"end":{"line":919,"column":49}},"loc":{"start":{"line":919,"column":62},"end":{"line":1011,"column":1}},"line":919},"37":{"name":"(anonymous_37)","decl":{"start":{"line":951,"column":6},"end":{"line":951,"column":7}},"loc":{"start":{"line":951,"column":13},"end":{"line":951,"column":62}},"line":951},"38":{"name":"(anonymous_38)","decl":{"start":{"line":1014,"column":55},"end":{"line":1014,"column":56}},"loc":{"start":{"line":1014,"column":69},"end":{"line":1044,"column":1}},"line":1014},"39":{"name":"(anonymous_39)","decl":{"start":{"line":1047,"column":28},"end":{"line":1047,"column":29}},"loc":{"start":{"line":1047,"column":42},"end":{"line":1053,"column":1}},"line":1047},"40":{"name":"(anonymous_40)","decl":{"start":{"line":1051,"column":12},"end":{"line":1051,"column":13}},"loc":{"start":{"line":1051,"column":22},"end":{"line":1051,"column":49}},"line":1051},"41":{"name":"(anonymous_41)","decl":{"start":{"line":1056,"column":58},"end":{"line":1056,"column":59}},"loc":{"start":{"line":1056,"column":72},"end":{"line":1066,"column":1}},"line":1056},"42":{"name":"(anonymous_42)","decl":{"start":{"line":1069,"column":50},"end":{"line":1069,"column":51}},"loc":{"start":{"line":1069,"column":64},"end":{"line":1127,"column":1}},"line":1069},"43":{"name":"(anonymous_43)","decl":{"start":{"line":1129,"column":46},"end":{"line":1129,"column":47}},"loc":{"start":{"line":1129,"column":60},"end":{"line":1140,"column":1}},"line":1129},"44":{"name":"(anonymous_44)","decl":{"start":{"line":1143,"column":17},"end":{"line":1143,"column":18}},"loc":{"start":{"line":1143,"column":23},"end":{"line":1145,"column":1}},"line":1143}},"branchMap":{"0":{"loc":{"start":{"line":19,"column":16},"end":{"line":19,"column":70}},"type":"binary-expr","locations":[{"start":{"line":19,"column":16},"end":{"line":19,"column":35}},{"start":{"line":19,"column":39},"end":{"line":19,"column":70}}],"line":19},"1":{"loc":{"start":{"line":22,"column":13},"end":{"line":22,"column":37}},"type":"binary-expr","locations":[{"start":{"line":22,"column":13},"end":{"line":22,"column":29}},{"start":{"line":22,"column":33},"end":{"line":22,"column":37}}],"line":22},"2":{"loc":{"start":{"line":72,"column":16},"end":{"line":72,"column":54}},"type":"binary-expr","locations":[{"start":{"line":72,"column":16},"end":{"line":72,"column":26}},{"start":{"line":72,"column":30},"end":{"line":72,"column":54}}],"line":72},"3":{"loc":{"start":{"line":74,"column":2},"end":{"line":76,"column":3}},"type":"if","locations":[{"start":{"line":74,"column":2},"end":{"line":76,"column":3}},{"start":{},"end":{}}],"line":74},"4":{"loc":{"start":{"line":79,"column":4},"end":{"line":81,"column":5}},"type":"if","locations":[{"start":{"line":79,"column":4},"end":{"line":81,"column":5}},{"start":{},"end":{}}],"line":79},"5":{"loc":{"start":{"line":125,"column":4},"end":{"line":125,"column":90}},"type":"cond-expr","locations":[{"start":{"line":125,"column":28},"end":{"line":125,"column":29}},{"start":{"line":125,"column":32},"end":{"line":125,"column":90}}],"line":125},"6":{"loc":{"start":{"line":138,"column":2},"end":{"line":140,"column":3}},"type":"if","locations":[{"start":{"line":138,"column":2},"end":{"line":140,"column":3}},{"start":{},"end":{}}],"line":138},"7":{"loc":{"start":{"line":138,"column":6},"end":{"line":138,"column":41}},"type":"binary-expr","locations":[{"start":{"line":138,"column":6},"end":{"line":138,"column":12}},{"start":{"line":138,"column":16},"end":{"line":138,"column":25}},{"start":{"line":138,"column":29},"end":{"line":138,"column":41}}],"line":138},"8":{"loc":{"start":{"line":145,"column":2},"end":{"line":147,"column":3}},"type":"if","locations":[{"start":{"line":145,"column":2},"end":{"line":147,"column":3}},{"start":{},"end":{}}],"line":145},"9":{"loc":{"start":{"line":195,"column":2},"end":{"line":197,"column":3}},"type":"if","locations":[{"start":{"line":195,"column":2},"end":{"line":197,"column":3}},{"start":{},"end":{}}],"line":195},"10":{"loc":{"start":{"line":195,"column":6},"end":{"line":195,"column":25}},"type":"binary-expr","locations":[{"start":{"line":195,"column":6},"end":{"line":195,"column":12}},{"start":{"line":195,"column":16},"end":{"line":195,"column":25}}],"line":195},"11":{"loc":{"start":{"line":203,"column":2},"end":{"line":213,"column":3}},"type":"if","locations":[{"start":{"line":203,"column":2},"end":{"line":213,"column":3}},{"start":{},"end":{}}],"line":203},"12":{"loc":{"start":{"line":203,"column":6},"end":{"line":203,"column":81}},"type":"binary-expr","locations":[{"start":{"line":203,"column":6},"end":{"line":203,"column":47}},{"start":{"line":203,"column":51},"end":{"line":203,"column":81}}],"line":203},"13":{"loc":{"start":{"line":205,"column":4},"end":{"line":212,"column":5}},"type":"if","locations":[{"start":{"line":205,"column":4},"end":{"line":212,"column":5}},{"start":{},"end":{}}],"line":205},"14":{"loc":{"start":{"line":207,"column":6},"end":{"line":209,"column":7}},"type":"if","locations":[{"start":{"line":207,"column":6},"end":{"line":209,"column":7}},{"start":{},"end":{}}],"line":207},"15":{"loc":{"start":{"line":215,"column":2},"end":{"line":217,"column":3}},"type":"if","locations":[{"start":{"line":215,"column":2},"end":{"line":217,"column":3}},{"start":{},"end":{}}],"line":215},"16":{"loc":{"start":{"line":219,"column":2},"end":{"line":221,"column":3}},"type":"if","locations":[{"start":{"line":219,"column":2},"end":{"line":221,"column":3}},{"start":{},"end":{}}],"line":219},"17":{"loc":{"start":{"line":225,"column":4},"end":{"line":225,"column":91}},"type":"binary-expr","locations":[{"start":{"line":225,"column":4},"end":{"line":225,"column":17}},{"start":{"line":225,"column":22},"end":{"line":225,"column":54}},{"start":{"line":225,"column":58},"end":{"line":225,"column":90}}],"line":225},"18":{"loc":{"start":{"line":228,"column":2},"end":{"line":238,"column":3}},"type":"if","locations":[{"start":{"line":228,"column":2},"end":{"line":238,"column":3}},{"start":{"line":230,"column":9},"end":{"line":238,"column":3}}],"line":228},"19":{"loc":{"start":{"line":232,"column":4},"end":{"line":237,"column":5}},"type":"if","locations":[{"start":{"line":232,"column":4},"end":{"line":237,"column":5}},{"start":{},"end":{}}],"line":232},"20":{"loc":{"start":{"line":240,"column":2},"end":{"line":242,"column":3}},"type":"if","locations":[{"start":{"line":240,"column":2},"end":{"line":242,"column":3}},{"start":{},"end":{}}],"line":240},"21":{"loc":{"start":{"line":263,"column":2},"end":{"line":265,"column":3}},"type":"if","locations":[{"start":{"line":263,"column":2},"end":{"line":265,"column":3}},{"start":{},"end":{}}],"line":263},"22":{"loc":{"start":{"line":291,"column":25},"end":{"line":291,"column":47}},"type":"binary-expr","locations":[{"start":{"line":291,"column":25},"end":{"line":291,"column":41}},{"start":{"line":291,"column":45},"end":{"line":291,"column":47}}],"line":291},"23":{"loc":{"start":{"line":292,"column":22},"end":{"line":292,"column":63}},"type":"binary-expr","locations":[{"start":{"line":292,"column":22},"end":{"line":292,"column":48}},{"start":{"line":292,"column":52},"end":{"line":292,"column":63}}],"line":292},"24":{"loc":{"start":{"line":293,"column":19},"end":{"line":293,"column":59}},"type":"binary-expr","locations":[{"start":{"line":293,"column":19},"end":{"line":293,"column":54}},{"start":{"line":293,"column":58},"end":{"line":293,"column":59}}],"line":293},"25":{"loc":{"start":{"line":294,"column":25},"end":{"line":294,"column":71}},"type":"binary-expr","locations":[{"start":{"line":294,"column":25},"end":{"line":294,"column":66}},{"start":{"line":294,"column":70},"end":{"line":294,"column":71}}],"line":294},"26":{"loc":{"start":{"line":295,"column":25},"end":{"line":295,"column":71}},"type":"binary-expr","locations":[{"start":{"line":295,"column":25},"end":{"line":295,"column":66}},{"start":{"line":295,"column":70},"end":{"line":295,"column":71}}],"line":295},"27":{"loc":{"start":{"line":297,"column":20},"end":{"line":297,"column":81}},"type":"binary-expr","locations":[{"start":{"line":297,"column":20},"end":{"line":297,"column":50}},{"start":{"line":297,"column":54},"end":{"line":297,"column":81}}],"line":297},"28":{"loc":{"start":{"line":306,"column":28},"end":{"line":306,"column":77}},"type":"cond-expr","locations":[{"start":{"line":306,"column":54},"end":{"line":306,"column":65}},{"start":{"line":306,"column":68},"end":{"line":306,"column":77}}],"line":306},"29":{"loc":{"start":{"line":313,"column":20},"end":{"line":313,"column":37}},"type":"binary-expr","locations":[{"start":{"line":313,"column":20},"end":{"line":313,"column":31}},{"start":{"line":313,"column":35},"end":{"line":313,"column":37}}],"line":313},"30":{"loc":{"start":{"line":314,"column":19},"end":{"line":314,"column":53}},"type":"binary-expr","locations":[{"start":{"line":314,"column":19},"end":{"line":314,"column":37}},{"start":{"line":314,"column":41},"end":{"line":314,"column":53}}],"line":314},"31":{"loc":{"start":{"line":315,"column":21},"end":{"line":315,"column":53}},"type":"binary-expr","locations":[{"start":{"line":315,"column":21},"end":{"line":315,"column":41}},{"start":{"line":315,"column":45},"end":{"line":315,"column":53}}],"line":315},"32":{"loc":{"start":{"line":316,"column":27},"end":{"line":316,"column":70}},"type":"binary-expr","locations":[{"start":{"line":316,"column":27},"end":{"line":316,"column":65}},{"start":{"line":316,"column":69},"end":{"line":316,"column":70}}],"line":316},"33":{"loc":{"start":{"line":318,"column":21},"end":{"line":318,"column":70}},"type":"binary-expr","locations":[{"start":{"line":318,"column":21},"end":{"line":318,"column":43}},{"start":{"line":318,"column":47},"end":{"line":318,"column":70}}],"line":318},"34":{"loc":{"start":{"line":319,"column":26},"end":{"line":319,"column":88}},"type":"cond-expr","locations":[{"start":{"line":319,"column":49},"end":{"line":319,"column":52}},{"start":{"line":319,"column":55},"end":{"line":319,"column":88}}],"line":319},"35":{"loc":{"start":{"line":319,"column":55},"end":{"line":319,"column":88}},"type":"cond-expr","locations":[{"start":{"line":319,"column":79},"end":{"line":319,"column":82}},{"start":{"line":319,"column":85},"end":{"line":319,"column":88}}],"line":319},"36":{"loc":{"start":{"line":325,"column":20},"end":{"line":325,"column":37}},"type":"binary-expr","locations":[{"start":{"line":325,"column":20},"end":{"line":325,"column":31}},{"start":{"line":325,"column":35},"end":{"line":325,"column":37}}],"line":325},"37":{"loc":{"start":{"line":326,"column":21},"end":{"line":326,"column":58}},"type":"binary-expr","locations":[{"start":{"line":326,"column":21},"end":{"line":326,"column":53}},{"start":{"line":326,"column":57},"end":{"line":326,"column":58}}],"line":326},"38":{"loc":{"start":{"line":327,"column":31},"end":{"line":327,"column":78}},"type":"binary-expr","locations":[{"start":{"line":327,"column":31},"end":{"line":327,"column":73}},{"start":{"line":327,"column":77},"end":{"line":327,"column":78}}],"line":327},"39":{"loc":{"start":{"line":335,"column":25},"end":{"line":335,"column":47}},"type":"binary-expr","locations":[{"start":{"line":335,"column":25},"end":{"line":335,"column":41}},{"start":{"line":335,"column":45},"end":{"line":335,"column":47}}],"line":335},"40":{"loc":{"start":{"line":336,"column":31},"end":{"line":336,"column":83}},"type":"binary-expr","locations":[{"start":{"line":336,"column":31},"end":{"line":336,"column":78}},{"start":{"line":336,"column":82},"end":{"line":336,"column":83}}],"line":336},"41":{"loc":{"start":{"line":337,"column":28},"end":{"line":337,"column":77}},"type":"binary-expr","locations":[{"start":{"line":337,"column":28},"end":{"line":337,"column":72}},{"start":{"line":337,"column":76},"end":{"line":337,"column":77}}],"line":337},"42":{"loc":{"start":{"line":338,"column":26},"end":{"line":338,"column":69}},"type":"binary-expr","locations":[{"start":{"line":338,"column":26},"end":{"line":338,"column":56}},{"start":{"line":338,"column":60},"end":{"line":338,"column":69}}],"line":338},"43":{"loc":{"start":{"line":343,"column":4},"end":{"line":343,"column":77}},"type":"cond-expr","locations":[{"start":{"line":343,"column":33},"end":{"line":343,"column":36}},{"start":{"line":343,"column":39},"end":{"line":343,"column":77}}],"line":343},"44":{"loc":{"start":{"line":343,"column":39},"end":{"line":343,"column":77}},"type":"cond-expr","locations":[{"start":{"line":343,"column":68},"end":{"line":343,"column":71}},{"start":{"line":343,"column":74},"end":{"line":343,"column":77}}],"line":343},"45":{"loc":{"start":{"line":358,"column":2},"end":{"line":360,"column":48}},"type":"if","locations":[{"start":{"line":358,"column":2},"end":{"line":360,"column":48}},{"start":{"line":359,"column":7},"end":{"line":360,"column":48}}],"line":358},"46":{"loc":{"start":{"line":359,"column":7},"end":{"line":360,"column":48}},"type":"if","locations":[{"start":{"line":359,"column":7},"end":{"line":360,"column":48}},{"start":{"line":360,"column":7},"end":{"line":360,"column":48}}],"line":359},"47":{"loc":{"start":{"line":360,"column":7},"end":{"line":360,"column":48}},"type":"if","locations":[{"start":{"line":360,"column":7},"end":{"line":360,"column":48}},{"start":{},"end":{}}],"line":360},"48":{"loc":{"start":{"line":383,"column":2},"end":{"line":385,"column":3}},"type":"if","locations":[{"start":{"line":383,"column":2},"end":{"line":385,"column":3}},{"start":{},"end":{}}],"line":383},"49":{"loc":{"start":{"line":383,"column":6},"end":{"line":383,"column":33}},"type":"binary-expr","locations":[{"start":{"line":383,"column":6},"end":{"line":383,"column":10}},{"start":{"line":383,"column":14},"end":{"line":383,"column":21}},{"start":{"line":383,"column":25},"end":{"line":383,"column":33}}],"line":383},"50":{"loc":{"start":{"line":387,"column":2},"end":{"line":389,"column":3}},"type":"if","locations":[{"start":{"line":387,"column":2},"end":{"line":389,"column":3}},{"start":{},"end":{}}],"line":387},"51":{"loc":{"start":{"line":395,"column":2},"end":{"line":395,"column":51}},"type":"if","locations":[{"start":{"line":395,"column":2},"end":{"line":395,"column":51}},{"start":{},"end":{}}],"line":395},"52":{"loc":{"start":{"line":396,"column":2},"end":{"line":396,"column":61}},"type":"if","locations":[{"start":{"line":396,"column":2},"end":{"line":396,"column":61}},{"start":{},"end":{}}],"line":396},"53":{"loc":{"start":{"line":397,"column":2},"end":{"line":397,"column":97}},"type":"if","locations":[{"start":{"line":397,"column":2},"end":{"line":397,"column":97}},{"start":{},"end":{}}],"line":397},"54":{"loc":{"start":{"line":429,"column":2},"end":{"line":431,"column":3}},"type":"if","locations":[{"start":{"line":429,"column":2},"end":{"line":431,"column":3}},{"start":{},"end":{}}],"line":429},"55":{"loc":{"start":{"line":434,"column":2},"end":{"line":436,"column":3}},"type":"if","locations":[{"start":{"line":434,"column":2},"end":{"line":436,"column":3}},{"start":{},"end":{}}],"line":434},"56":{"loc":{"start":{"line":434,"column":6},"end":{"line":434,"column":53}},"type":"binary-expr","locations":[{"start":{"line":434,"column":6},"end":{"line":434,"column":25}},{"start":{"line":434,"column":29},"end":{"line":434,"column":53}}],"line":434},"57":{"loc":{"start":{"line":439,"column":18},"end":{"line":439,"column":40}},"type":"binary-expr","locations":[{"start":{"line":439,"column":18},"end":{"line":439,"column":34}},{"start":{"line":439,"column":38},"end":{"line":439,"column":40}}],"line":439},"58":{"loc":{"start":{"line":452,"column":2},"end":{"line":454,"column":3}},"type":"if","locations":[{"start":{"line":452,"column":2},"end":{"line":454,"column":3}},{"start":{},"end":{}}],"line":452},"59":{"loc":{"start":{"line":455,"column":2},"end":{"line":457,"column":3}},"type":"if","locations":[{"start":{"line":455,"column":2},"end":{"line":457,"column":3}},{"start":{},"end":{}}],"line":455},"60":{"loc":{"start":{"line":462,"column":26},"end":{"line":462,"column":97}},"type":"binary-expr","locations":[{"start":{"line":462,"column":26},"end":{"line":462,"column":50}},{"start":{"line":462,"column":54},"end":{"line":462,"column":80}},{"start":{"line":462,"column":84},"end":{"line":462,"column":97}}],"line":462},"61":{"loc":{"start":{"line":463,"column":23},"end":{"line":465,"column":13}},"type":"cond-expr","locations":[{"start":{"line":464,"column":6},"end":{"line":464,"column":67}},{"start":{"line":465,"column":6},"end":{"line":465,"column":13}}],"line":463},"62":{"loc":{"start":{"line":482,"column":15},"end":{"line":482,"column":54}},"type":"binary-expr","locations":[{"start":{"line":482,"column":15},"end":{"line":482,"column":49}},{"start":{"line":482,"column":53},"end":{"line":482,"column":54}}],"line":482},"63":{"loc":{"start":{"line":483,"column":22},"end":{"line":483,"column":56}},"type":"binary-expr","locations":[{"start":{"line":483,"column":22},"end":{"line":483,"column":51}},{"start":{"line":483,"column":55},"end":{"line":483,"column":56}}],"line":483},"64":{"loc":{"start":{"line":484,"column":17},"end":{"line":484,"column":51}},"type":"binary-expr","locations":[{"start":{"line":484,"column":17},"end":{"line":484,"column":46}},{"start":{"line":484,"column":50},"end":{"line":484,"column":51}}],"line":484},"65":{"loc":{"start":{"line":485,"column":15},"end":{"line":485,"column":54}},"type":"binary-expr","locations":[{"start":{"line":485,"column":15},"end":{"line":485,"column":49}},{"start":{"line":485,"column":53},"end":{"line":485,"column":54}}],"line":485},"66":{"loc":{"start":{"line":486,"column":19},"end":{"line":486,"column":43}},"type":"binary-expr","locations":[{"start":{"line":486,"column":19},"end":{"line":486,"column":38}},{"start":{"line":486,"column":42},"end":{"line":486,"column":43}}],"line":486},"67":{"loc":{"start":{"line":491,"column":2},"end":{"line":529,"column":3}},"type":"if","locations":[{"start":{"line":491,"column":2},"end":{"line":529,"column":3}},{"start":{"line":526,"column":9},"end":{"line":529,"column":3}}],"line":491},"68":{"loc":{"start":{"line":513,"column":22},"end":{"line":513,"column":61}},"type":"binary-expr","locations":[{"start":{"line":513,"column":22},"end":{"line":513,"column":55}},{"start":{"line":513,"column":59},"end":{"line":513,"column":61}}],"line":513},"69":{"loc":{"start":{"line":517,"column":6},"end":{"line":521,"column":7}},"type":"if","locations":[{"start":{"line":517,"column":6},"end":{"line":521,"column":7}},{"start":{"line":519,"column":13},"end":{"line":521,"column":7}}],"line":517},"70":{"loc":{"start":{"line":517,"column":10},"end":{"line":517,"column":44}},"type":"binary-expr","locations":[{"start":{"line":517,"column":10},"end":{"line":517,"column":26}},{"start":{"line":517,"column":30},"end":{"line":517,"column":44}}],"line":517},"71":{"loc":{"start":{"line":532,"column":2},"end":{"line":556,"column":3}},"type":"if","locations":[{"start":{"line":532,"column":2},"end":{"line":556,"column":3}},{"start":{},"end":{}}],"line":532},"72":{"loc":{"start":{"line":533,"column":21},"end":{"line":533,"column":59}},"type":"binary-expr","locations":[{"start":{"line":533,"column":21},"end":{"line":533,"column":53}},{"start":{"line":533,"column":57},"end":{"line":533,"column":59}}],"line":533},"73":{"loc":{"start":{"line":535,"column":13},"end":{"line":535,"column":89}},"type":"binary-expr","locations":[{"start":{"line":535,"column":13},"end":{"line":535,"column":34}},{"start":{"line":535,"column":38},"end":{"line":535,"column":61}},{"start":{"line":535,"column":65},"end":{"line":535,"column":89}}],"line":535},"74":{"loc":{"start":{"line":541,"column":12},"end":{"line":541,"column":28}},"type":"binary-expr","locations":[{"start":{"line":541,"column":12},"end":{"line":541,"column":16}},{"start":{"line":541,"column":20},"end":{"line":541,"column":28}}],"line":541},"75":{"loc":{"start":{"line":546,"column":48},"end":{"line":546,"column":98}},"type":"binary-expr","locations":[{"start":{"line":546,"column":48},"end":{"line":546,"column":74}},{"start":{"line":546,"column":78},"end":{"line":546,"column":98}}],"line":546},"76":{"loc":{"start":{"line":552,"column":20},"end":{"line":552,"column":82}},"type":"cond-expr","locations":[{"start":{"line":552,"column":29},"end":{"line":552,"column":57}},{"start":{"line":552,"column":60},"end":{"line":552,"column":82}}],"line":552},"77":{"loc":{"start":{"line":558,"column":26},"end":{"line":558,"column":73}},"type":"binary-expr","locations":[{"start":{"line":558,"column":26},"end":{"line":558,"column":58}},{"start":{"line":558,"column":62},"end":{"line":558,"column":73}}],"line":558},"78":{"loc":{"start":{"line":563,"column":20},"end":{"line":568,"column":3}},"type":"binary-expr","locations":[{"start":{"line":563,"column":20},"end":{"line":563,"column":43}},{"start":{"line":563,"column":47},"end":{"line":568,"column":3}}],"line":563},"79":{"loc":{"start":{"line":572,"column":26},"end":{"line":572,"column":61}},"type":"binary-expr","locations":[{"start":{"line":572,"column":26},"end":{"line":572,"column":46}},{"start":{"line":572,"column":50},"end":{"line":572,"column":61}}],"line":572},"80":{"loc":{"start":{"line":704,"column":18},"end":{"line":704,"column":39}},"type":"binary-expr","locations":[{"start":{"line":704,"column":18},"end":{"line":704,"column":33}},{"start":{"line":704,"column":37},"end":{"line":704,"column":39}}],"line":704},"81":{"loc":{"start":{"line":707,"column":6},"end":{"line":707,"column":32}},"type":"if","locations":[{"start":{"line":707,"column":6},"end":{"line":707,"column":32}},{"start":{},"end":{}}],"line":707},"82":{"loc":{"start":{"line":708,"column":6},"end":{"line":711,"column":7}},"type":"if","locations":[{"start":{"line":708,"column":6},"end":{"line":711,"column":7}},{"start":{},"end":{}}],"line":708},"83":{"loc":{"start":{"line":726,"column":4},"end":{"line":726,"column":36}},"type":"if","locations":[{"start":{"line":726,"column":4},"end":{"line":726,"column":36}},{"start":{},"end":{}}],"line":726},"84":{"loc":{"start":{"line":741,"column":2},"end":{"line":743,"column":3}},"type":"if","locations":[{"start":{"line":741,"column":2},"end":{"line":743,"column":3}},{"start":{},"end":{}}],"line":741},"85":{"loc":{"start":{"line":741,"column":6},"end":{"line":741,"column":43}},"type":"binary-expr","locations":[{"start":{"line":741,"column":6},"end":{"line":741,"column":15}},{"start":{"line":741,"column":19},"end":{"line":741,"column":43}}],"line":741},"86":{"loc":{"start":{"line":747,"column":18},"end":{"line":747,"column":35}},"type":"binary-expr","locations":[{"start":{"line":747,"column":18},"end":{"line":747,"column":29}},{"start":{"line":747,"column":33},"end":{"line":747,"column":35}}],"line":747},"87":{"loc":{"start":{"line":750,"column":16},"end":{"line":750,"column":45}},"type":"binary-expr","locations":[{"start":{"line":750,"column":16},"end":{"line":750,"column":28}},{"start":{"line":750,"column":32},"end":{"line":750,"column":45}}],"line":750},"88":{"loc":{"start":{"line":750,"column":60},"end":{"line":750,"column":87}},"type":"binary-expr","locations":[{"start":{"line":750,"column":60},"end":{"line":750,"column":76}},{"start":{"line":750,"column":80},"end":{"line":750,"column":87}}],"line":750},"89":{"loc":{"start":{"line":750,"column":109},"end":{"line":750,"column":136}},"type":"binary-expr","locations":[{"start":{"line":750,"column":109},"end":{"line":750,"column":128}},{"start":{"line":750,"column":132},"end":{"line":750,"column":136}}],"line":750},"90":{"loc":{"start":{"line":751,"column":38},"end":{"line":751,"column":72}},"type":"binary-expr","locations":[{"start":{"line":751,"column":38},"end":{"line":751,"column":57}},{"start":{"line":751,"column":61},"end":{"line":751,"column":72}}],"line":751},"91":{"loc":{"start":{"line":751,"column":79},"end":{"line":751,"column":103}},"type":"binary-expr","locations":[{"start":{"line":751,"column":79},"end":{"line":751,"column":95}},{"start":{"line":751,"column":99},"end":{"line":751,"column":103}}],"line":751},"92":{"loc":{"start":{"line":752,"column":22},"end":{"line":752,"column":51}},"type":"binary-expr","locations":[{"start":{"line":752,"column":22},"end":{"line":752,"column":46}},{"start":{"line":752,"column":50},"end":{"line":752,"column":51}}],"line":752},"93":{"loc":{"start":{"line":765,"column":10},"end":{"line":765,"column":50}},"type":"cond-expr","locations":[{"start":{"line":765,"column":34},"end":{"line":765,"column":40}},{"start":{"line":765,"column":43},"end":{"line":765,"column":50}}],"line":765},"94":{"loc":{"start":{"line":769,"column":2},"end":{"line":771,"column":3}},"type":"if","locations":[{"start":{"line":769,"column":2},"end":{"line":771,"column":3}},{"start":{},"end":{}}],"line":769},"95":{"loc":{"start":{"line":773,"column":2},"end":{"line":809,"column":3}},"type":"if","locations":[{"start":{"line":773,"column":2},"end":{"line":809,"column":3}},{"start":{"line":804,"column":9},"end":{"line":809,"column":3}}],"line":773},"96":{"loc":{"start":{"line":793,"column":8},"end":{"line":793,"column":99}},"type":"binary-expr","locations":[{"start":{"line":793,"column":8},"end":{"line":793,"column":65}},{"start":{"line":793,"column":69},"end":{"line":793,"column":99}}],"line":793},"97":{"loc":{"start":{"line":797,"column":6},"end":{"line":799,"column":7}},"type":"if","locations":[{"start":{"line":797,"column":6},"end":{"line":799,"column":7}},{"start":{},"end":{}}],"line":797},"98":{"loc":{"start":{"line":814,"column":15},"end":{"line":814,"column":44}},"type":"binary-expr","locations":[{"start":{"line":814,"column":15},"end":{"line":814,"column":27}},{"start":{"line":814,"column":31},"end":{"line":814,"column":44}}],"line":814},"99":{"loc":{"start":{"line":815,"column":16},"end":{"line":815,"column":43}},"type":"binary-expr","locations":[{"start":{"line":815,"column":16},"end":{"line":815,"column":35}},{"start":{"line":815,"column":39},"end":{"line":815,"column":43}}],"line":815},"100":{"loc":{"start":{"line":816,"column":17},"end":{"line":816,"column":51}},"type":"binary-expr","locations":[{"start":{"line":816,"column":17},"end":{"line":816,"column":36}},{"start":{"line":816,"column":40},"end":{"line":816,"column":51}}],"line":816},"101":{"loc":{"start":{"line":827,"column":2},"end":{"line":829,"column":3}},"type":"if","locations":[{"start":{"line":827,"column":2},"end":{"line":829,"column":3}},{"start":{},"end":{}}],"line":827},"102":{"loc":{"start":{"line":830,"column":2},"end":{"line":832,"column":3}},"type":"if","locations":[{"start":{"line":830,"column":2},"end":{"line":832,"column":3}},{"start":{},"end":{}}],"line":830},"103":{"loc":{"start":{"line":833,"column":2},"end":{"line":835,"column":3}},"type":"if","locations":[{"start":{"line":833,"column":2},"end":{"line":835,"column":3}},{"start":{},"end":{}}],"line":833},"104":{"loc":{"start":{"line":836,"column":2},"end":{"line":838,"column":3}},"type":"if","locations":[{"start":{"line":836,"column":2},"end":{"line":838,"column":3}},{"start":{},"end":{}}],"line":836},"105":{"loc":{"start":{"line":839,"column":2},"end":{"line":841,"column":3}},"type":"if","locations":[{"start":{"line":839,"column":2},"end":{"line":841,"column":3}},{"start":{},"end":{}}],"line":839},"106":{"loc":{"start":{"line":842,"column":2},"end":{"line":844,"column":3}},"type":"if","locations":[{"start":{"line":842,"column":2},"end":{"line":844,"column":3}},{"start":{},"end":{}}],"line":842},"107":{"loc":{"start":{"line":843,"column":34},"end":{"line":843,"column":59}},"type":"binary-expr","locations":[{"start":{"line":843,"column":34},"end":{"line":843,"column":52}},{"start":{"line":843,"column":56},"end":{"line":843,"column":59}}],"line":843},"108":{"loc":{"start":{"line":843,"column":89},"end":{"line":843,"column":115}},"type":"binary-expr","locations":[{"start":{"line":843,"column":89},"end":{"line":843,"column":102}},{"start":{"line":843,"column":106},"end":{"line":843,"column":115}}],"line":843},"109":{"loc":{"start":{"line":864,"column":2},"end":{"line":867,"column":3}},"type":"if","locations":[{"start":{"line":864,"column":2},"end":{"line":867,"column":3}},{"start":{},"end":{}}],"line":864},"110":{"loc":{"start":{"line":870,"column":2},"end":{"line":873,"column":3}},"type":"if","locations":[{"start":{"line":870,"column":2},"end":{"line":873,"column":3}},{"start":{},"end":{}}],"line":870},"111":{"loc":{"start":{"line":894,"column":4},"end":{"line":909,"column":5}},"type":"if","locations":[{"start":{"line":894,"column":4},"end":{"line":909,"column":5}},{"start":{},"end":{}}],"line":894},"112":{"loc":{"start":{"line":901,"column":8},"end":{"line":905,"column":9}},"type":"if","locations":[{"start":{"line":901,"column":8},"end":{"line":905,"column":9}},{"start":{},"end":{}}],"line":901},"113":{"loc":{"start":{"line":901,"column":12},"end":{"line":901,"column":62}},"type":"binary-expr","locations":[{"start":{"line":901,"column":12},"end":{"line":901,"column":37}},{"start":{"line":901,"column":41},"end":{"line":901,"column":62}}],"line":901},"114":{"loc":{"start":{"line":921,"column":2},"end":{"line":923,"column":3}},"type":"if","locations":[{"start":{"line":921,"column":2},"end":{"line":923,"column":3}},{"start":{},"end":{}}],"line":921},"115":{"loc":{"start":{"line":921,"column":6},"end":{"line":921,"column":38}},"type":"binary-expr","locations":[{"start":{"line":921,"column":6},"end":{"line":921,"column":10}},{"start":{"line":921,"column":14},"end":{"line":921,"column":23}},{"start":{"line":921,"column":27},"end":{"line":921,"column":38}}],"line":921},"116":{"loc":{"start":{"line":925,"column":2},"end":{"line":927,"column":3}},"type":"if","locations":[{"start":{"line":925,"column":2},"end":{"line":927,"column":3}},{"start":{},"end":{}}],"line":925},"117":{"loc":{"start":{"line":933,"column":2},"end":{"line":933,"column":75}},"type":"if","locations":[{"start":{"line":933,"column":2},"end":{"line":933,"column":75}},{"start":{},"end":{}}],"line":933},"118":{"loc":{"start":{"line":934,"column":2},"end":{"line":934,"column":65}},"type":"if","locations":[{"start":{"line":934,"column":2},"end":{"line":934,"column":65}},{"start":{},"end":{}}],"line":934},"119":{"loc":{"start":{"line":944,"column":12},"end":{"line":944,"column":48}},"type":"binary-expr","locations":[{"start":{"line":944,"column":12},"end":{"line":944,"column":29}},{"start":{"line":944,"column":33},"end":{"line":944,"column":48}}],"line":944},"120":{"loc":{"start":{"line":945,"column":11},"end":{"line":945,"column":35}},"type":"binary-expr","locations":[{"start":{"line":945,"column":11},"end":{"line":945,"column":27}},{"start":{"line":945,"column":31},"end":{"line":945,"column":35}}],"line":945},"121":{"loc":{"start":{"line":949,"column":2},"end":{"line":956,"column":3}},"type":"if","locations":[{"start":{"line":949,"column":2},"end":{"line":956,"column":3}},{"start":{},"end":{}}],"line":949},"122":{"loc":{"start":{"line":949,"column":6},"end":{"line":949,"column":60}},"type":"binary-expr","locations":[{"start":{"line":949,"column":6},"end":{"line":949,"column":25}},{"start":{"line":949,"column":29},"end":{"line":949,"column":60}}],"line":949},"123":{"loc":{"start":{"line":951,"column":13},"end":{"line":951,"column":62}},"type":"binary-expr","locations":[{"start":{"line":951,"column":13},"end":{"line":951,"column":30}},{"start":{"line":951,"column":34},"end":{"line":951,"column":62}}],"line":951},"124":{"loc":{"start":{"line":953,"column":4},"end":{"line":955,"column":5}},"type":"if","locations":[{"start":{"line":953,"column":4},"end":{"line":955,"column":5}},{"start":{},"end":{}}],"line":953},"125":{"loc":{"start":{"line":959,"column":2},"end":{"line":1007,"column":3}},"type":"if","locations":[{"start":{"line":959,"column":2},"end":{"line":1007,"column":3}},{"start":{},"end":{}}],"line":959},"126":{"loc":{"start":{"line":961,"column":47},"end":{"line":961,"column":78}},"type":"binary-expr","locations":[{"start":{"line":961,"column":47},"end":{"line":961,"column":71}},{"start":{"line":961,"column":75},"end":{"line":961,"column":78}}],"line":961},"127":{"loc":{"start":{"line":965,"column":4},"end":{"line":975,"column":5}},"type":"if","locations":[{"start":{"line":965,"column":4},"end":{"line":975,"column":5}},{"start":{"line":973,"column":11},"end":{"line":975,"column":5}}],"line":965},"128":{"loc":{"start":{"line":968,"column":6},"end":{"line":972,"column":7}},"type":"if","locations":[{"start":{"line":968,"column":6},"end":{"line":972,"column":7}},{"start":{"line":970,"column":13},"end":{"line":972,"column":7}}],"line":968},"129":{"loc":{"start":{"line":969,"column":36},"end":{"line":969,"column":65}},"type":"binary-expr","locations":[{"start":{"line":969,"column":36},"end":{"line":969,"column":60}},{"start":{"line":969,"column":64},"end":{"line":969,"column":65}}],"line":969},"130":{"loc":{"start":{"line":970,"column":13},"end":{"line":972,"column":7}},"type":"if","locations":[{"start":{"line":970,"column":13},"end":{"line":972,"column":7}},{"start":{},"end":{}}],"line":970},"131":{"loc":{"start":{"line":979,"column":19},"end":{"line":979,"column":45}},"type":"binary-expr","locations":[{"start":{"line":979,"column":19},"end":{"line":979,"column":39}},{"start":{"line":979,"column":43},"end":{"line":979,"column":45}}],"line":979},"132":{"loc":{"start":{"line":982,"column":4},"end":{"line":982,"column":66}},"type":"if","locations":[{"start":{"line":982,"column":4},"end":{"line":982,"column":66}},{"start":{},"end":{}}],"line":982},"133":{"loc":{"start":{"line":983,"column":4},"end":{"line":984,"column":36}},"type":"if","locations":[{"start":{"line":983,"column":4},"end":{"line":984,"column":36}},{"start":{},"end":{}}],"line":983},"134":{"loc":{"start":{"line":983,"column":8},"end":{"line":983,"column":76}},"type":"binary-expr","locations":[{"start":{"line":983,"column":8},"end":{"line":983,"column":38}},{"start":{"line":983,"column":42},"end":{"line":983,"column":76}}],"line":983},"135":{"loc":{"start":{"line":985,"column":4},"end":{"line":986,"column":40}},"type":"if","locations":[{"start":{"line":985,"column":4},"end":{"line":986,"column":40}},{"start":{},"end":{}}],"line":985},"136":{"loc":{"start":{"line":985,"column":8},"end":{"line":985,"column":80}},"type":"binary-expr","locations":[{"start":{"line":985,"column":8},"end":{"line":985,"column":38}},{"start":{"line":985,"column":42},"end":{"line":985,"column":80}}],"line":985},"137":{"loc":{"start":{"line":987,"column":4},"end":{"line":988,"column":35}},"type":"if","locations":[{"start":{"line":987,"column":4},"end":{"line":988,"column":35}},{"start":{},"end":{}}],"line":987},"138":{"loc":{"start":{"line":987,"column":8},"end":{"line":987,"column":74}},"type":"binary-expr","locations":[{"start":{"line":987,"column":8},"end":{"line":987,"column":37}},{"start":{"line":987,"column":41},"end":{"line":987,"column":74}}],"line":987},"139":{"loc":{"start":{"line":989,"column":4},"end":{"line":989,"column":93}},"type":"if","locations":[{"start":{"line":989,"column":4},"end":{"line":989,"column":93}},{"start":{},"end":{}}],"line":989},"140":{"loc":{"start":{"line":989,"column":8},"end":{"line":989,"column":63}},"type":"binary-expr","locations":[{"start":{"line":989,"column":8},"end":{"line":989,"column":27}},{"start":{"line":989,"column":31},"end":{"line":989,"column":63}}],"line":989},"141":{"loc":{"start":{"line":996,"column":4},"end":{"line":998,"column":45}},"type":"if","locations":[{"start":{"line":996,"column":4},"end":{"line":998,"column":45}},{"start":{"line":997,"column":9},"end":{"line":998,"column":45}}],"line":996},"142":{"loc":{"start":{"line":997,"column":9},"end":{"line":998,"column":45}},"type":"if","locations":[{"start":{"line":997,"column":9},"end":{"line":998,"column":45}},{"start":{"line":998,"column":9},"end":{"line":998,"column":45}}],"line":997},"143":{"loc":{"start":{"line":998,"column":9},"end":{"line":998,"column":45}},"type":"if","locations":[{"start":{"line":998,"column":9},"end":{"line":998,"column":45}},{"start":{},"end":{}}],"line":998},"144":{"loc":{"start":{"line":1002,"column":4},"end":{"line":1006,"column":5}},"type":"if","locations":[{"start":{"line":1002,"column":4},"end":{"line":1006,"column":5}},{"start":{},"end":{}}],"line":1002},"145":{"loc":{"start":{"line":1016,"column":2},"end":{"line":1018,"column":3}},"type":"if","locations":[{"start":{"line":1016,"column":2},"end":{"line":1018,"column":3}},{"start":{},"end":{}}],"line":1016},"146":{"loc":{"start":{"line":1016,"column":6},"end":{"line":1016,"column":25}},"type":"binary-expr","locations":[{"start":{"line":1016,"column":6},"end":{"line":1016,"column":10}},{"start":{"line":1016,"column":14},"end":{"line":1016,"column":25}}],"line":1016},"147":{"loc":{"start":{"line":1020,"column":2},"end":{"line":1022,"column":3}},"type":"if","locations":[{"start":{"line":1020,"column":2},"end":{"line":1022,"column":3}},{"start":{},"end":{}}],"line":1020},"148":{"loc":{"start":{"line":1025,"column":2},"end":{"line":1032,"column":3}},"type":"if","locations":[{"start":{"line":1025,"column":2},"end":{"line":1032,"column":3}},{"start":{},"end":{}}],"line":1025},"149":{"loc":{"start":{"line":1036,"column":8},"end":{"line":1036,"column":61}},"type":"binary-expr","locations":[{"start":{"line":1036,"column":8},"end":{"line":1036,"column":21}},{"start":{"line":1036,"column":25},"end":{"line":1036,"column":61}}],"line":1036},"150":{"loc":{"start":{"line":1058,"column":2},"end":{"line":1060,"column":3}},"type":"if","locations":[{"start":{"line":1058,"column":2},"end":{"line":1060,"column":3}},{"start":{},"end":{}}],"line":1058},"151":{"loc":{"start":{"line":1062,"column":2},"end":{"line":1064,"column":3}},"type":"if","locations":[{"start":{"line":1062,"column":2},"end":{"line":1064,"column":3}},{"start":{},"end":{}}],"line":1062},"152":{"loc":{"start":{"line":1062,"column":6},"end":{"line":1062,"column":52}},"type":"binary-expr","locations":[{"start":{"line":1062,"column":6},"end":{"line":1062,"column":22}},{"start":{"line":1062,"column":26},"end":{"line":1062,"column":52}}],"line":1062},"153":{"loc":{"start":{"line":1071,"column":2},"end":{"line":1073,"column":3}},"type":"if","locations":[{"start":{"line":1071,"column":2},"end":{"line":1073,"column":3}},{"start":{},"end":{}}],"line":1071},"154":{"loc":{"start":{"line":1071,"column":6},"end":{"line":1071,"column":22}},"type":"binary-expr","locations":[{"start":{"line":1071,"column":6},"end":{"line":1071,"column":10}},{"start":{"line":1071,"column":14},"end":{"line":1071,"column":22}}],"line":1071},"155":{"loc":{"start":{"line":1075,"column":2},"end":{"line":1077,"column":3}},"type":"if","locations":[{"start":{"line":1075,"column":2},"end":{"line":1077,"column":3}},{"start":{},"end":{}}],"line":1075},"156":{"loc":{"start":{"line":1083,"column":8},"end":{"line":1083,"column":27}},"type":"binary-expr","locations":[{"start":{"line":1083,"column":8},"end":{"line":1083,"column":21}},{"start":{"line":1083,"column":25},"end":{"line":1083,"column":27}}],"line":1083},"157":{"loc":{"start":{"line":1085,"column":17},"end":{"line":1085,"column":83}},"type":"binary-expr","locations":[{"start":{"line":1085,"column":17},"end":{"line":1085,"column":36}},{"start":{"line":1085,"column":40},"end":{"line":1085,"column":66}},{"start":{"line":1085,"column":70},"end":{"line":1085,"column":83}}],"line":1085},"158":{"loc":{"start":{"line":1086,"column":11},"end":{"line":1086,"column":54}},"type":"binary-expr","locations":[{"start":{"line":1086,"column":11},"end":{"line":1086,"column":24}},{"start":{"line":1086,"column":28},"end":{"line":1086,"column":48}},{"start":{"line":1086,"column":52},"end":{"line":1086,"column":54}}],"line":1086},"159":{"loc":{"start":{"line":1087,"column":14},"end":{"line":1091,"column":5}},"type":"binary-expr","locations":[{"start":{"line":1087,"column":14},"end":{"line":1087,"column":30}},{"start":{"line":1087,"column":34},"end":{"line":1091,"column":5}}],"line":1087},"160":{"loc":{"start":{"line":1092,"column":19},"end":{"line":1092,"column":45}},"type":"binary-expr","locations":[{"start":{"line":1092,"column":19},"end":{"line":1092,"column":40}},{"start":{"line":1092,"column":44},"end":{"line":1092,"column":45}}],"line":1092},"161":{"loc":{"start":{"line":1093,"column":14},"end":{"line":1093,"column":45}},"type":"binary-expr","locations":[{"start":{"line":1093,"column":14},"end":{"line":1093,"column":30}},{"start":{"line":1093,"column":34},"end":{"line":1093,"column":45}}],"line":1093},"162":{"loc":{"start":{"line":1094,"column":20},"end":{"line":1094,"column":55}},"type":"binary-expr","locations":[{"start":{"line":1094,"column":20},"end":{"line":1094,"column":42}},{"start":{"line":1094,"column":46},"end":{"line":1094,"column":55}}],"line":1094},"163":{"loc":{"start":{"line":1095,"column":14},"end":{"line":1095,"column":46}},"type":"binary-expr","locations":[{"start":{"line":1095,"column":14},"end":{"line":1095,"column":30}},{"start":{"line":1095,"column":34},"end":{"line":1095,"column":46}}],"line":1095},"164":{"loc":{"start":{"line":1096,"column":17},"end":{"line":1096,"column":63}},"type":"binary-expr","locations":[{"start":{"line":1096,"column":17},"end":{"line":1096,"column":36}},{"start":{"line":1096,"column":40},"end":{"line":1096,"column":63}}],"line":1096},"165":{"loc":{"start":{"line":1098,"column":6},"end":{"line":1098,"column":94}},"type":"cond-expr","locations":[{"start":{"line":1098,"column":41},"end":{"line":1098,"column":59}},{"start":{"line":1098,"column":62},"end":{"line":1098,"column":94}}],"line":1098},"166":{"loc":{"start":{"line":1098,"column":62},"end":{"line":1098,"column":94}},"type":"binary-expr","locations":[{"start":{"line":1098,"column":62},"end":{"line":1098,"column":87}},{"start":{"line":1098,"column":91},"end":{"line":1098,"column":94}}],"line":1098},"167":{"loc":{"start":{"line":1099,"column":11},"end":{"line":1099,"column":61}},"type":"binary-expr","locations":[{"start":{"line":1099,"column":11},"end":{"line":1099,"column":24}},{"start":{"line":1099,"column":28},"end":{"line":1099,"column":48}},{"start":{"line":1099,"column":52},"end":{"line":1099,"column":61}}],"line":1099},"168":{"loc":{"start":{"line":1101,"column":6},"end":{"line":1101,"column":92}},"type":"cond-expr","locations":[{"start":{"line":1101,"column":41},"end":{"line":1101,"column":59}},{"start":{"line":1101,"column":62},"end":{"line":1101,"column":92}}],"line":1101},"169":{"loc":{"start":{"line":1101,"column":62},"end":{"line":1101,"column":92}},"type":"binary-expr","locations":[{"start":{"line":1101,"column":62},"end":{"line":1101,"column":87}},{"start":{"line":1101,"column":91},"end":{"line":1101,"column":92}}],"line":1101},"170":{"loc":{"start":{"line":1102,"column":20},"end":{"line":1102,"column":88}},"type":"binary-expr","locations":[{"start":{"line":1102,"column":20},"end":{"line":1102,"column":42}},{"start":{"line":1102,"column":46},"end":{"line":1102,"column":75}},{"start":{"line":1102,"column":79},"end":{"line":1102,"column":88}}],"line":1102},"171":{"loc":{"start":{"line":1103,"column":12},"end":{"line":1103,"column":69}},"type":"binary-expr","locations":[{"start":{"line":1103,"column":12},"end":{"line":1103,"column":26}},{"start":{"line":1103,"column":30},"end":{"line":1103,"column":51}},{"start":{"line":1103,"column":55},"end":{"line":1103,"column":69}}],"line":1103},"172":{"loc":{"start":{"line":1104,"column":15},"end":{"line":1104,"column":52}},"type":"binary-expr","locations":[{"start":{"line":1104,"column":15},"end":{"line":1104,"column":39}},{"start":{"line":1104,"column":43},"end":{"line":1104,"column":52}}],"line":1104},"173":{"loc":{"start":{"line":1106,"column":21},"end":{"line":1112,"column":7}},"type":"binary-expr","locations":[{"start":{"line":1106,"column":21},"end":{"line":1106,"column":44}},{"start":{"line":1107,"column":6},"end":{"line":1107,"column":36}},{"start":{"line":1107,"column":40},"end":{"line":1112,"column":7}}],"line":1106},"174":{"loc":{"start":{"line":1120,"column":20},"end":{"line":1120,"column":63}},"type":"binary-expr","locations":[{"start":{"line":1120,"column":20},"end":{"line":1120,"column":55}},{"start":{"line":1120,"column":59},"end":{"line":1120,"column":63}}],"line":1120},"175":{"loc":{"start":{"line":1131,"column":2},"end":{"line":1133,"column":3}},"type":"if","locations":[{"start":{"line":1131,"column":2},"end":{"line":1133,"column":3}},{"start":{},"end":{}}],"line":1131},"176":{"loc":{"start":{"line":1135,"column":2},"end":{"line":1138,"column":3}},"type":"if","locations":[{"start":{"line":1135,"column":2},"end":{"line":1138,"column":3}},{"start":{},"end":{}}],"line":1135}},"s":{"0":1,"1":1,"2":1,"3":1,"4":1,"5":1,"6":1,"7":1,"8":1,"9":1,"10":1,"11":13,"12":13,"13":13,"14":0,"15":0,"16":9,"17":9,"18":0,"19":4,"20":4,"21":4,"22":1,"23":3,"24":3,"25":1,"26":2,"27":2,"28":1,"29":0,"30":1,"31":0,"32":1,"33":1,"34":2,"35":2,"36":2,"37":2,"38":24,"39":120,"40":24,"41":2,"42":1,"43":1,"44":1,"45":1,"46":1,"47":1,"48":1,"49":0,"50":1,"51":10,"52":10,"53":1,"54":9,"55":9,"56":2,"57":9,"58":1,"59":8,"60":8,"61":8,"62":8,"63":8,"64":8,"65":8,"66":8,"67":8,"68":1,"69":3,"70":3,"71":0,"72":3,"73":3,"74":0,"75":0,"76":0,"77":0,"78":0,"79":0,"80":0,"81":3,"82":3,"83":2,"84":3,"85":1,"86":2,"87":2,"88":2,"89":0,"90":0,"91":0,"92":0,"93":0,"94":2,"95":1,"96":1,"97":1,"98":1,"99":1,"100":1,"101":1,"102":1,"103":1,"104":0,"105":0,"106":0,"107":0,"108":0,"109":0,"110":0,"111":0,"112":0,"113":0,"114":0,"115":0,"116":0,"117":0,"118":0,"119":0,"120":0,"121":0,"122":0,"123":0,"124":0,"125":0,"126":0,"127":0,"128":0,"129":0,"130":0,"131":0,"132":0,"133":0,"134":0,"135":0,"136":0,"137":0,"138":0,"139":0,"140":0,"141":0,"142":0,"143":0,"144":0,"145":0,"146":0,"147":0,"148":0,"149":0,"150":0,"151":0,"152":0,"153":0,"154":0,"155":0,"156":0,"157":0,"158":0,"159":0,"160":0,"161":0,"162":0,"163":0,"164":1,"165":0,"166":0,"167":0,"168":0,"169":0,"170":0,"171":0,"172":0,"173":0,"174":0,"175":0,"176":0,"177":0,"178":0,"179":0,"180":0,"181":0,"182":0,"183":0,"184":0,"185":1,"186":0,"187":0,"188":0,"189":0,"190":0,"191":0,"192":0,"193":0,"194":0,"195":0,"196":0,"197":1,"198":0,"199":0,"200":0,"201":0,"202":0,"203":0,"204":0,"205":0,"206":0,"207":0,"208":0,"209":0,"210":0,"211":0,"212":0,"213":0,"214":0,"215":0,"216":0,"217":0,"218":0,"219":0,"220":0,"221":0,"222":0,"223":0,"224":0,"225":0,"226":0,"227":0,"228":0,"229":0,"230":0,"231":0,"232":0,"233":0,"234":0,"235":0,"236":0,"237":0,"238":0,"239":0,"240":0,"241":0,"242":0,"243":0,"244":0,"245":0,"246":0,"247":0,"248":0,"249":0,"250":0,"251":0,"252":0,"253":0,"254":0,"255":0,"256":0,"257":0,"258":0,"259":0,"260":0,"261":0,"262":0,"263":0,"264":0,"265":0,"266":0,"267":1,"268":0,"269":0,"270":0,"271":0,"272":0,"273":0,"274":0,"275":0,"276":0,"277":0,"278":0,"279":0,"280":0,"281":0,"282":0,"283":0,"284":0,"285":0,"286":0,"287":0,"288":0,"289":0,"290":0,"291":0,"292":0,"293":0,"294":0,"295":0,"296":0,"297":0,"298":0,"299":0,"300":0,"301":0,"302":0,"303":0,"304":0,"305":0,"306":0,"307":0,"308":0,"309":0,"310":0,"311":0,"312":0,"313":0,"314":0,"315":0,"316":1,"317":1,"318":0,"319":0,"320":0,"321":0,"322":0,"323":0,"324":0,"325":0,"326":0,"327":0,"328":0,"329":0,"330":0,"331":0,"332":0,"333":0,"334":0,"335":0,"336":0,"337":0,"338":0,"339":0,"340":0,"341":0,"342":0,"343":1,"344":0,"345":0,"346":0,"347":0,"348":0,"349":0,"350":0,"351":0,"352":0,"353":0,"354":0,"355":0,"356":0,"357":0,"358":0,"359":0,"360":0,"361":0,"362":0,"363":0,"364":0,"365":0,"366":0,"367":0,"368":0,"369":0,"370":0,"371":0,"372":0,"373":0,"374":0,"375":0,"376":0,"377":0,"378":0,"379":0,"380":0,"381":0,"382":0,"383":0,"384":0,"385":0,"386":0,"387":0,"388":0,"389":0,"390":0,"391":0,"392":0,"393":0,"394":0,"395":0,"396":0,"397":0,"398":0,"399":0,"400":0,"401":1,"402":0,"403":0,"404":0,"405":0,"406":0,"407":0,"408":0,"409":0,"410":0,"411":0,"412":0,"413":0,"414":1,"415":0,"416":0,"417":0,"418":0,"419":0,"420":1,"421":0,"422":0,"423":0,"424":0,"425":0,"426":0,"427":0,"428":1,"429":0,"430":0,"431":0,"432":0,"433":0,"434":0,"435":0,"436":0,"437":0,"438":0,"439":0,"440":1,"441":2,"442":2,"443":1,"444":1,"445":1,"446":0,"447":1,"448":1,"449":1},"f":{"0":13,"1":9,"2":4,"3":3,"4":0,"5":0,"6":2,"7":1,"8":0,"9":10,"10":2,"11":3,"12":2,"13":0,"14":0,"15":0,"16":0,"17":0,"18":0,"19":0,"20":0,"21":0,"22":0,"23":0,"24":0,"25":0,"26":0,"27":0,"28":0,"29":0,"30":0,"31":0,"32":0,"33":0,"34":0,"35":0,"36":0,"37":0,"38":0,"39":0,"40":0,"41":0,"42":0,"43":2,"44":1},"b":{"0":[1,0],"1":[1,0],"2":[4,3],"3":[1,3],"4":[1,2],"5":[0,1],"6":[1,9],"7":[10,10,9],"8":[1,8],"9":[0,3],"10":[3,3],"11":[0,3],"12":[3,0],"13":[0,0],"14":[0,0],"15":[3,0],"16":[1,2],"17":[2,2,0],"18":[2,0],"19":[0,0],"20":[1,1],"21":[0,0],"22":[0,0],"23":[0,0],"24":[0,0],"25":[0,0],"26":[0,0],"27":[0,0],"28":[0,0],"29":[0,0],"30":[0,0],"31":[0,0],"32":[0,0],"33":[0,0],"34":[0,0],"35":[0,0],"36":[0,0],"37":[0,0],"38":[0,0],"39":[0,0],"40":[0,0],"41":[0,0],"42":[0,0],"43":[0,0],"44":[0,0],"45":[0,0],"46":[0,0],"47":[0,0],"48":[0,0],"49":[0,0,0],"50":[0,0],"51":[0,0],"52":[0,0],"53":[0,0],"54":[0,0],"55":[0,0],"56":[0,0],"57":[0,0],"58":[0,0],"59":[0,0],"60":[0,0,0],"61":[0,0],"62":[0,0],"63":[0,0],"64":[0,0],"65":[0,0],"66":[0,0],"67":[0,0],"68":[0,0],"69":[0,0],"70":[0,0],"71":[0,0],"72":[0,0],"73":[0,0,0],"74":[0,0],"75":[0,0],"76":[0,0],"77":[0,0],"78":[0,0],"79":[0,0],"80":[0,0],"81":[0,0],"82":[0,0],"83":[0,0],"84":[0,0],"85":[0,0],"86":[0,0],"87":[0,0],"88":[0,0],"89":[0,0],"90":[0,0],"91":[0,0],"92":[0,0],"93":[0,0],"94":[0,0],"95":[0,0],"96":[0,0],"97":[0,0],"98":[0,0],"99":[0,0],"100":[0,0],"101":[0,0],"102":[0,0],"103":[0,0],"104":[0,0],"105":[0,0],"106":[0,0],"107":[0,0],"108":[0,0],"109":[0,0],"110":[0,0],"111":[0,0],"112":[0,0],"113":[0,0],"114":[0,0],"115":[0,0,0],"116":[0,0],"117":[0,0],"118":[0,0],"119":[0,0],"120":[0,0],"121":[0,0],"122":[0,0],"123":[0,0],"124":[0,0],"125":[0,0],"126":[0,0],"127":[0,0],"128":[0,0],"129":[0,0],"130":[0,0],"131":[0,0],"132":[0,0],"133":[0,0],"134":[0,0],"135":[0,0],"136":[0,0],"137":[0,0],"138":[0,0],"139":[0,0],"140":[0,0],"141":[0,0],"142":[0,0],"143":[0,0],"144":[0,0],"145":[0,0],"146":[0,0],"147":[0,0],"148":[0,0],"149":[0,0],"150":[0,0],"151":[0,0],"152":[0,0],"153":[0,0],"154":[0,0],"155":[0,0],"156":[0,0],"157":[0,0,0],"158":[0,0,0],"159":[0,0],"160":[0,0],"161":[0,0],"162":[0,0],"163":[0,0],"164":[0,0],"165":[0,0],"166":[0,0],"167":[0,0,0],"168":[0,0],"169":[0,0],"170":[0,0,0],"171":[0,0,0],"172":[0,0],"173":[0,0,0],"174":[0,0],"175":[1,1],"176":[0,1]},"_coverageSchema":"1a1c01bbd47fc00a2c39e90264f33305004495a9","hash":"6298f1abe1a86caa4af6919f24a16e69376a627f"}
}
