TN:
SF:index.js
FN:45,readDb
FN:61,writeDb
FN:70,authenticateToken
FN:78,(anonymous_3)
FN:88,(anonymous_4)
FN:98,(anonymous_5)
FN:106,getCpuInfo
FN:119,(anonymous_7)
FN:129,(anonymous_8)
FN:136,(anonymous_9)
FN:144,(anonymous_10)
FN:193,(anonymous_11)
FN:216,(anonymous_12)
FN:261,(anonymous_13)
FN:381,(anonymous_14)
FN:427,(anonymous_15)
FN:438,(anonymous_16)
FN:445,(anonymous_17)
FN:450,(anonymous_18)
FN:535,(anonymous_19)
FN:539,(anonymous_20)
FN:545,(anonymous_21)
FN:546,(anonymous_22)
FN:562,generateFallbackSuggestions
FN:570,(anonymous_24)
FN:571,(anonymous_25)
FN:703,(anonymous_26)
FN:708,(anonymous_27)
FN:719,(anonymous_28)
FN:731,(anonymous_29)
FN:732,(anonymous_30)
FN:733,(anonymous_31)
FN:739,(anonymous_32)
FN:764,(anonymous_33)
FN:812,generateFallbackChatResponse
FN:852,(anonymous_35)
FN:919,(anonymous_36)
FN:951,(anonymous_37)
FN:1014,(anonymous_38)
FN:1047,(anonymous_39)
FN:1051,(anonymous_40)
FN:1056,(anonymous_41)
FN:1069,(anonymous_42)
FN:1129,(anonymous_43)
FN:1143,(anonymous_44)
FNF:45
FNH:12
FNDA:13,readDb
FNDA:9,writeDb
FNDA:4,authenticateToken
FNDA:3,(anonymous_3)
FNDA:0,(anonymous_4)
FNDA:0,(anonymous_5)
FNDA:2,getCpuInfo
FNDA:1,(anonymous_7)
FNDA:0,(anonymous_8)
FNDA:10,(anonymous_9)
FNDA:2,(anonymous_10)
FNDA:3,(anonymous_11)
FNDA:2,(anonymous_12)
FNDA:0,(anonymous_13)
FNDA:0,(anonymous_14)
FNDA:0,(anonymous_15)
FNDA:0,(anonymous_16)
FNDA:0,(anonymous_17)
FNDA:0,(anonymous_18)
FNDA:0,(anonymous_19)
FNDA:0,(anonymous_20)
FNDA:0,(anonymous_21)
FNDA:0,(anonymous_22)
FNDA:0,generateFallbackSuggestions
FNDA:0,(anonymous_24)
FNDA:0,(anonymous_25)
FNDA:0,(anonymous_26)
FNDA:0,(anonymous_27)
FNDA:0,(anonymous_28)
FNDA:0,(anonymous_29)
FNDA:0,(anonymous_30)
FNDA:0,(anonymous_31)
FNDA:0,(anonymous_32)
FNDA:0,(anonymous_33)
FNDA:0,generateFallbackChatResponse
FNDA:0,(anonymous_35)
FNDA:0,(anonymous_36)
FNDA:0,(anonymous_37)
FNDA:0,(anonymous_38)
FNDA:0,(anonymous_39)
FNDA:0,(anonymous_40)
FNDA:0,(anonymous_41)
FNDA:0,(anonymous_42)
FNDA:2,(anonymous_43)
FNDA:1,(anonymous_44)
DA:15,1
DA:17,1
DA:18,1
DA:19,1
DA:21,1
DA:22,1
DA:24,1
DA:26,1
DA:27,1
DA:33,1
DA:36,1
DA:46,13
DA:47,13
DA:48,13
DA:50,0
DA:51,0
DA:62,9
DA:63,9
DA:65,0
DA:71,4
DA:72,4
DA:74,4
DA:75,1
DA:78,3
DA:79,3
DA:80,1
DA:82,2
DA:83,2
DA:88,1
DA:89,0
DA:98,1
DA:99,0
DA:103,1
DA:104,1
DA:107,2
DA:108,2
DA:109,2
DA:110,2
DA:111,24
DA:112,120
DA:114,24
DA:116,2
DA:119,1
DA:120,1
DA:121,1
DA:122,1
DA:124,1
DA:126,1
DA:129,1
DA:130,0
DA:136,1
DA:137,10
DA:138,10
DA:139,1
DA:141,9
DA:144,9
DA:145,9
DA:146,1
DA:149,8
DA:150,8
DA:151,8
DA:177,8
DA:178,8
DA:181,8
DA:182,8
DA:185,8
DA:189,8
DA:193,1
DA:194,3
DA:195,3
DA:196,0
DA:199,3
DA:203,3
DA:204,0
DA:205,0
DA:206,0
DA:207,0
DA:208,0
DA:210,0
DA:211,0
DA:215,3
DA:216,3
DA:219,3
DA:220,1
DA:225,2
DA:228,2
DA:229,2
DA:231,0
DA:232,0
DA:234,0
DA:235,0
DA:236,0
DA:240,2
DA:241,1
DA:245,1
DA:246,1
DA:247,1
DA:249,1
DA:250,1
DA:253,1
DA:257,1
DA:261,1
DA:262,0
DA:263,0
DA:264,0
DA:267,0
DA:269,0
DA:270,0
DA:273,0
DA:291,0
DA:292,0
DA:293,0
DA:294,0
DA:295,0
DA:297,0
DA:298,0
DA:299,0
DA:300,0
DA:302,0
DA:303,0
DA:305,0
DA:306,0
DA:307,0
DA:308,0
DA:310,0
DA:313,0
DA:314,0
DA:315,0
DA:316,0
DA:318,0
DA:319,0
DA:320,0
DA:322,0
DA:325,0
DA:326,0
DA:327,0
DA:329,0
DA:330,0
DA:332,0
DA:335,0
DA:336,0
DA:337,0
DA:338,0
DA:340,0
DA:341,0
DA:343,0
DA:345,0
DA:346,0
DA:348,0
DA:350,0
DA:351,0
DA:354,0
DA:355,0
DA:357,0
DA:358,0
DA:359,0
DA:360,0
DA:362,0
DA:377,0
DA:381,1
DA:382,0
DA:383,0
DA:384,0
DA:387,0
DA:388,0
DA:391,0
DA:392,0
DA:395,0
DA:396,0
DA:397,0
DA:400,0
DA:408,0
DA:409,0
DA:410,0
DA:413,0
DA:422,0
DA:423,0
DA:427,1
DA:428,0
DA:429,0
DA:430,0
DA:432,0
DA:434,0
DA:435,0
DA:438,0
DA:445,0
DA:446,0
DA:450,1
DA:451,0
DA:452,0
DA:453,0
DA:455,0
DA:456,0
DA:459,0
DA:460,0
DA:462,0
DA:463,0
DA:467,0
DA:479,0
DA:491,0
DA:492,0
DA:493,0
DA:494,0
DA:513,0
DA:515,0
DA:516,0
DA:517,0
DA:518,0
DA:520,0
DA:523,0
DA:524,0
DA:527,0
DA:528,0
DA:532,0
DA:533,0
DA:534,0
DA:535,0
DA:538,0
DA:539,0
DA:546,0
DA:549,0
DA:555,0
DA:558,0
DA:563,0
DA:569,0
DA:570,0
DA:571,0
DA:572,0
DA:574,0
DA:702,0
DA:703,0
DA:704,0
DA:705,0
DA:706,0
DA:707,0
DA:708,0
DA:709,0
DA:710,0
DA:716,0
DA:719,0
DA:720,0
DA:721,0
DA:725,0
DA:726,0
DA:727,0
DA:731,0
DA:732,0
DA:733,0
DA:735,0
DA:739,1
DA:740,0
DA:741,0
DA:742,0
DA:746,0
DA:747,0
DA:749,0
DA:764,0
DA:769,0
DA:770,0
DA:773,0
DA:774,0
DA:775,0
DA:776,0
DA:793,0
DA:794,0
DA:796,0
DA:797,0
DA:798,0
DA:800,0
DA:801,0
DA:802,0
DA:806,0
DA:807,0
DA:808,0
DA:813,0
DA:814,0
DA:815,0
DA:816,0
DA:819,0
DA:820,0
DA:822,0
DA:823,0
DA:824,0
DA:825,0
DA:827,0
DA:828,0
DA:830,0
DA:831,0
DA:833,0
DA:834,0
DA:836,0
DA:837,0
DA:839,0
DA:840,0
DA:842,0
DA:843,0
DA:846,0
DA:850,1
DA:852,1
DA:853,0
DA:854,0
DA:864,0
DA:865,0
DA:866,0
DA:870,0
DA:871,0
DA:872,0
DA:875,0
DA:880,0
DA:881,0
DA:893,0
DA:894,0
DA:895,0
DA:896,0
DA:900,0
DA:901,0
DA:902,0
DA:903,0
DA:904,0
DA:907,0
DA:910,0
DA:912,0
DA:913,0
DA:914,0
DA:919,1
DA:920,0
DA:921,0
DA:922,0
DA:925,0
DA:926,0
DA:929,0
DA:930,0
DA:933,0
DA:934,0
DA:937,0
DA:949,0
DA:950,0
DA:951,0
DA:953,0
DA:954,0
DA:959,0
DA:961,0
DA:964,0
DA:965,0
DA:966,0
DA:967,0
DA:968,0
DA:969,0
DA:970,0
DA:971,0
DA:974,0
DA:976,0
DA:979,0
DA:980,0
DA:982,0
DA:983,0
DA:984,0
DA:985,0
DA:986,0
DA:987,0
DA:988,0
DA:989,0
DA:991,0
DA:994,0
DA:995,0
DA:996,0
DA:997,0
DA:998,0
DA:999,0
DA:1002,0
DA:1003,0
DA:1004,0
DA:1005,0
DA:1009,0
DA:1010,0
DA:1014,1
DA:1015,0
DA:1016,0
DA:1017,0
DA:1020,0
DA:1021,0
DA:1024,0
DA:1025,0
DA:1026,0
DA:1034,0
DA:1041,0
DA:1042,0
DA:1043,0
DA:1047,1
DA:1048,0
DA:1049,0
DA:1051,0
DA:1052,0
DA:1056,1
DA:1057,0
DA:1058,0
DA:1059,0
DA:1061,0
DA:1062,0
DA:1063,0
DA:1065,0
DA:1069,1
DA:1070,0
DA:1071,0
DA:1072,0
DA:1075,0
DA:1076,0
DA:1079,0
DA:1080,0
DA:1082,0
DA:1116,0
DA:1125,0
DA:1126,0
DA:1129,1
DA:1130,2
DA:1131,2
DA:1132,1
DA:1134,1
DA:1135,1
DA:1137,0
DA:1139,1
DA:1143,1
DA:1144,1
LF:423
LH:103
BRDA:19,0,0,1
BRDA:19,0,1,0
BRDA:22,1,0,1
BRDA:22,1,1,0
BRDA:72,2,0,4
BRDA:72,2,1,3
BRDA:74,3,0,1
BRDA:74,3,1,3
BRDA:79,4,0,1
BRDA:79,4,1,2
BRDA:125,5,0,0
BRDA:125,5,1,1
BRDA:138,6,0,1
BRDA:138,6,1,9
BRDA:138,7,0,10
BRDA:138,7,1,10
BRDA:138,7,2,9
BRDA:145,8,0,1
BRDA:145,8,1,8
BRDA:195,9,0,0
BRDA:195,9,1,3
BRDA:195,10,0,3
BRDA:195,10,1,3
BRDA:203,11,0,0
BRDA:203,11,1,3
BRDA:203,12,0,3
BRDA:203,12,1,0
BRDA:205,13,0,0
BRDA:205,13,1,0
BRDA:207,14,0,0
BRDA:207,14,1,0
BRDA:215,15,0,3
BRDA:215,15,1,0
BRDA:219,16,0,1
BRDA:219,16,1,2
BRDA:225,17,0,2
BRDA:225,17,1,2
BRDA:225,17,2,0
BRDA:228,18,0,2
BRDA:228,18,1,0
BRDA:232,19,0,0
BRDA:232,19,1,0
BRDA:240,20,0,1
BRDA:240,20,1,1
BRDA:263,21,0,0
BRDA:263,21,1,0
BRDA:291,22,0,0
BRDA:291,22,1,0
BRDA:292,23,0,0
BRDA:292,23,1,0
BRDA:293,24,0,0
BRDA:293,24,1,0
BRDA:294,25,0,0
BRDA:294,25,1,0
BRDA:295,26,0,0
BRDA:295,26,1,0
BRDA:297,27,0,0
BRDA:297,27,1,0
BRDA:306,28,0,0
BRDA:306,28,1,0
BRDA:313,29,0,0
BRDA:313,29,1,0
BRDA:314,30,0,0
BRDA:314,30,1,0
BRDA:315,31,0,0
BRDA:315,31,1,0
BRDA:316,32,0,0
BRDA:316,32,1,0
BRDA:318,33,0,0
BRDA:318,33,1,0
BRDA:319,34,0,0
BRDA:319,34,1,0
BRDA:319,35,0,0
BRDA:319,35,1,0
BRDA:325,36,0,0
BRDA:325,36,1,0
BRDA:326,37,0,0
BRDA:326,37,1,0
BRDA:327,38,0,0
BRDA:327,38,1,0
BRDA:335,39,0,0
BRDA:335,39,1,0
BRDA:336,40,0,0
BRDA:336,40,1,0
BRDA:337,41,0,0
BRDA:337,41,1,0
BRDA:338,42,0,0
BRDA:338,42,1,0
BRDA:343,43,0,0
BRDA:343,43,1,0
BRDA:343,44,0,0
BRDA:343,44,1,0
BRDA:358,45,0,0
BRDA:358,45,1,0
BRDA:359,46,0,0
BRDA:359,46,1,0
BRDA:360,47,0,0
BRDA:360,47,1,0
BRDA:383,48,0,0
BRDA:383,48,1,0
BRDA:383,49,0,0
BRDA:383,49,1,0
BRDA:383,49,2,0
BRDA:387,50,0,0
BRDA:387,50,1,0
BRDA:395,51,0,0
BRDA:395,51,1,0
BRDA:396,52,0,0
BRDA:396,52,1,0
BRDA:397,53,0,0
BRDA:397,53,1,0
BRDA:429,54,0,0
BRDA:429,54,1,0
BRDA:434,55,0,0
BRDA:434,55,1,0
BRDA:434,56,0,0
BRDA:434,56,1,0
BRDA:439,57,0,0
BRDA:439,57,1,0
BRDA:452,58,0,0
BRDA:452,58,1,0
BRDA:455,59,0,0
BRDA:455,59,1,0
BRDA:462,60,0,0
BRDA:462,60,1,0
BRDA:462,60,2,0
BRDA:463,61,0,0
BRDA:463,61,1,0
BRDA:482,62,0,0
BRDA:482,62,1,0
BRDA:483,63,0,0
BRDA:483,63,1,0
BRDA:484,64,0,0
BRDA:484,64,1,0
BRDA:485,65,0,0
BRDA:485,65,1,0
BRDA:486,66,0,0
BRDA:486,66,1,0
BRDA:491,67,0,0
BRDA:491,67,1,0
BRDA:513,68,0,0
BRDA:513,68,1,0
BRDA:517,69,0,0
BRDA:517,69,1,0
BRDA:517,70,0,0
BRDA:517,70,1,0
BRDA:532,71,0,0
BRDA:532,71,1,0
BRDA:533,72,0,0
BRDA:533,72,1,0
BRDA:535,73,0,0
BRDA:535,73,1,0
BRDA:535,73,2,0
BRDA:541,74,0,0
BRDA:541,74,1,0
BRDA:546,75,0,0
BRDA:546,75,1,0
BRDA:552,76,0,0
BRDA:552,76,1,0
BRDA:558,77,0,0
BRDA:558,77,1,0
BRDA:563,78,0,0
BRDA:563,78,1,0
BRDA:572,79,0,0
BRDA:572,79,1,0
BRDA:704,80,0,0
BRDA:704,80,1,0
BRDA:707,81,0,0
BRDA:707,81,1,0
BRDA:708,82,0,0
BRDA:708,82,1,0
BRDA:726,83,0,0
BRDA:726,83,1,0
BRDA:741,84,0,0
BRDA:741,84,1,0
BRDA:741,85,0,0
BRDA:741,85,1,0
BRDA:747,86,0,0
BRDA:747,86,1,0
BRDA:750,87,0,0
BRDA:750,87,1,0
BRDA:750,88,0,0
BRDA:750,88,1,0
BRDA:750,89,0,0
BRDA:750,89,1,0
BRDA:751,90,0,0
BRDA:751,90,1,0
BRDA:751,91,0,0
BRDA:751,91,1,0
BRDA:752,92,0,0
BRDA:752,92,1,0
BRDA:765,93,0,0
BRDA:765,93,1,0
BRDA:769,94,0,0
BRDA:769,94,1,0
BRDA:773,95,0,0
BRDA:773,95,1,0
BRDA:793,96,0,0
BRDA:793,96,1,0
BRDA:797,97,0,0
BRDA:797,97,1,0
BRDA:814,98,0,0
BRDA:814,98,1,0
BRDA:815,99,0,0
BRDA:815,99,1,0
BRDA:816,100,0,0
BRDA:816,100,1,0
BRDA:827,101,0,0
BRDA:827,101,1,0
BRDA:830,102,0,0
BRDA:830,102,1,0
BRDA:833,103,0,0
BRDA:833,103,1,0
BRDA:836,104,0,0
BRDA:836,104,1,0
BRDA:839,105,0,0
BRDA:839,105,1,0
BRDA:842,106,0,0
BRDA:842,106,1,0
BRDA:843,107,0,0
BRDA:843,107,1,0
BRDA:843,108,0,0
BRDA:843,108,1,0
BRDA:864,109,0,0
BRDA:864,109,1,0
BRDA:870,110,0,0
BRDA:870,110,1,0
BRDA:894,111,0,0
BRDA:894,111,1,0
BRDA:901,112,0,0
BRDA:901,112,1,0
BRDA:901,113,0,0
BRDA:901,113,1,0
BRDA:921,114,0,0
BRDA:921,114,1,0
BRDA:921,115,0,0
BRDA:921,115,1,0
BRDA:921,115,2,0
BRDA:925,116,0,0
BRDA:925,116,1,0
BRDA:933,117,0,0
BRDA:933,117,1,0
BRDA:934,118,0,0
BRDA:934,118,1,0
BRDA:944,119,0,0
BRDA:944,119,1,0
BRDA:945,120,0,0
BRDA:945,120,1,0
BRDA:949,121,0,0
BRDA:949,121,1,0
BRDA:949,122,0,0
BRDA:949,122,1,0
BRDA:951,123,0,0
BRDA:951,123,1,0
BRDA:953,124,0,0
BRDA:953,124,1,0
BRDA:959,125,0,0
BRDA:959,125,1,0
BRDA:961,126,0,0
BRDA:961,126,1,0
BRDA:965,127,0,0
BRDA:965,127,1,0
BRDA:968,128,0,0
BRDA:968,128,1,0
BRDA:969,129,0,0
BRDA:969,129,1,0
BRDA:970,130,0,0
BRDA:970,130,1,0
BRDA:979,131,0,0
BRDA:979,131,1,0
BRDA:982,132,0,0
BRDA:982,132,1,0
BRDA:983,133,0,0
BRDA:983,133,1,0
BRDA:983,134,0,0
BRDA:983,134,1,0
BRDA:985,135,0,0
BRDA:985,135,1,0
BRDA:985,136,0,0
BRDA:985,136,1,0
BRDA:987,137,0,0
BRDA:987,137,1,0
BRDA:987,138,0,0
BRDA:987,138,1,0
BRDA:989,139,0,0
BRDA:989,139,1,0
BRDA:989,140,0,0
BRDA:989,140,1,0
BRDA:996,141,0,0
BRDA:996,141,1,0
BRDA:997,142,0,0
BRDA:997,142,1,0
BRDA:998,143,0,0
BRDA:998,143,1,0
BRDA:1002,144,0,0
BRDA:1002,144,1,0
BRDA:1016,145,0,0
BRDA:1016,145,1,0
BRDA:1016,146,0,0
BRDA:1016,146,1,0
BRDA:1020,147,0,0
BRDA:1020,147,1,0
BRDA:1025,148,0,0
BRDA:1025,148,1,0
BRDA:1036,149,0,0
BRDA:1036,149,1,0
BRDA:1058,150,0,0
BRDA:1058,150,1,0
BRDA:1062,151,0,0
BRDA:1062,151,1,0
BRDA:1062,152,0,0
BRDA:1062,152,1,0
BRDA:1071,153,0,0
BRDA:1071,153,1,0
BRDA:1071,154,0,0
BRDA:1071,154,1,0
BRDA:1075,155,0,0
BRDA:1075,155,1,0
BRDA:1083,156,0,0
BRDA:1083,156,1,0
BRDA:1085,157,0,0
BRDA:1085,157,1,0
BRDA:1085,157,2,0
BRDA:1086,158,0,0
BRDA:1086,158,1,0
BRDA:1086,158,2,0
BRDA:1087,159,0,0
BRDA:1087,159,1,0
BRDA:1092,160,0,0
BRDA:1092,160,1,0
BRDA:1093,161,0,0
BRDA:1093,161,1,0
BRDA:1094,162,0,0
BRDA:1094,162,1,0
BRDA:1095,163,0,0
BRDA:1095,163,1,0
BRDA:1096,164,0,0
BRDA:1096,164,1,0
BRDA:1098,165,0,0
BRDA:1098,165,1,0
BRDA:1098,166,0,0
BRDA:1098,166,1,0
BRDA:1099,167,0,0
BRDA:1099,167,1,0
BRDA:1099,167,2,0
BRDA:1101,168,0,0
BRDA:1101,168,1,0
BRDA:1101,169,0,0
BRDA:1101,169,1,0
BRDA:1102,170,0,0
BRDA:1102,170,1,0
BRDA:1102,170,2,0
BRDA:1103,171,0,0
BRDA:1103,171,1,0
BRDA:1103,171,2,0
BRDA:1104,172,0,0
BRDA:1104,172,1,0
BRDA:1106,173,0,0
BRDA:1106,173,1,0
BRDA:1106,173,2,0
BRDA:1120,174,0,0
BRDA:1120,174,1,0
BRDA:1131,175,0,1
BRDA:1131,175,1,1
BRDA:1135,176,0,0
BRDA:1135,176,1,1
BRF:366
BRH:32
end_of_record
