{"D:\\vibe coding\\carbon awareness platform\\src\\data\\emissionFactors.json": {"path":"D:\\vibe coding\\carbon awareness platform\\src\\data\\emissionFactors.json","statementMap":{"0":{"start":{"line":1,"column":23},"end":{"line":1,"column":28}},"1":{"start":{"line":2,"column":23},"end":{"line":2,"column":65}},"2":{"start":{"line":3,"column":25},"end":{"line":3,"column":152}},"3":{"start":{"line":4,"column":20},"end":{"line":4,"column":81}},"4":{"start":{"line":5,"column":22},"end":{"line":5,"column":69}},"5":{"start":{"line":6,"column":25},"end":{"line":6,"column":75}}},"fnMap":{},"branchMap":{},"s":{"0":1,"1":1,"2":1,"3":1,"4":1,"5":1},"f":{},"b":{},"meta":{"lastBranch":0,"lastFunction":0,"lastStatement":6,"seen":{"s:1:23:1:28":0,"s:2:23:2:65":1,"s:3:25:3:152":2,"s:4:20:4:81":3,"s:5:22:5:69":4,"s:6:25:6:75":5},"fnNames":{}}}
,"D:\\vibe coding\\carbon awareness platform\\src\\utils\\calculationEngine.js": {"path":"D:\\vibe coding\\carbon awareness platform\\src\\utils\\calculationEngine.js","statementMap":{"0":{"start":{"line":5,"column":25},"end":{"line":5,"column":null}},"1":{"start":{"line":6,"column":22},"end":{"line":6,"column":null}},"2":{"start":{"line":7,"column":19},"end":{"line":7,"column":null}},"3":{"start":{"line":8,"column":25},"end":{"line":8,"column":null}},"4":{"start":{"line":9,"column":25},"end":{"line":9,"column":null}},"5":{"start":{"line":11,"column":20},"end":{"line":11,"column":null}},"6":{"start":{"line":12,"column":20},"end":{"line":12,"column":null}},"7":{"start":{"line":13,"column":22},"end":{"line":13,"column":null}},"8":{"start":{"line":14,"column":23},"end":{"line":14,"column":null}},"9":{"start":{"line":16,"column":22},"end":{"line":16,"column":null}},"10":{"start":{"line":17,"column":26},"end":{"line":17,"column":null}},"11":{"start":{"line":19,"column":23},"end":{"line":19,"column":null}},"12":{"start":{"line":22,"column":4},"end":{"line":22,"column":null}},"13":{"start":{"line":23,"column":27},"end":{"line":23,"column":null}},"14":{"start":{"line":24,"column":26},"end":{"line":24,"column":null}},"15":{"start":{"line":26,"column":25},"end":{"line":26,"column":null}},"16":{"start":{"line":29,"column":20},"end":{"line":29,"column":null}},"17":{"start":{"line":30,"column":19},"end":{"line":30,"column":null}},"18":{"start":{"line":31,"column":21},"end":{"line":31,"column":null}},"19":{"start":{"line":32,"column":27},"end":{"line":32,"column":null}},"20":{"start":{"line":34,"column":21},"end":{"line":34,"column":null}},"21":{"start":{"line":35,"column":26},"end":{"line":35,"column":null}},"22":{"start":{"line":36,"column":30},"end":{"line":36,"column":null}},"23":{"start":{"line":38,"column":20},"end":{"line":38,"column":null}},"24":{"start":{"line":41,"column":20},"end":{"line":41,"column":null}},"25":{"start":{"line":42,"column":21},"end":{"line":42,"column":null}},"26":{"start":{"line":43,"column":31},"end":{"line":43,"column":null}},"27":{"start":{"line":45,"column":31},"end":{"line":45,"column":null}},"28":{"start":{"line":46,"column":23},"end":{"line":46,"column":null}},"29":{"start":{"line":48,"column":20},"end":{"line":48,"column":null}},"30":{"start":{"line":51,"column":25},"end":{"line":51,"column":null}},"31":{"start":{"line":52,"column":31},"end":{"line":52,"column":null}},"32":{"start":{"line":53,"column":28},"end":{"line":53,"column":null}},"33":{"start":{"line":54,"column":26},"end":{"line":54,"column":null}},"34":{"start":{"line":56,"column":25},"end":{"line":56,"column":null}},"35":{"start":{"line":57,"column":23},"end":{"line":57,"column":null}},"36":{"start":{"line":59,"column":4},"end":{"line":59,"column":null}},"37":{"start":{"line":61,"column":28},"end":{"line":61,"column":null}},"38":{"start":{"line":62,"column":26},"end":{"line":62,"column":null}},"39":{"start":{"line":64,"column":8},"end":{"line":64,"column":null}},"40":{"start":{"line":67,"column":18},"end":{"line":67,"column":null}},"41":{"start":{"line":68,"column":20},"end":{"line":68,"column":null}},"42":{"start":{"line":73,"column":26},"end":{"line":73,"column":null}},"43":{"start":{"line":74,"column":19},"end":{"line":74,"column":null}},"44":{"start":{"line":75,"column":2},"end":{"line":75,"column":null}},"45":{"start":{"line":79,"column":14},"end":{"line":79,"column":null}},"46":{"start":{"line":80,"column":2},"end":{"line":82,"column":null}},"47":{"start":{"line":80,"column":25},"end":{"line":80,"column":null}},"48":{"start":{"line":81,"column":7},"end":{"line":82,"column":null}},"49":{"start":{"line":81,"column":30},"end":{"line":81,"column":null}},"50":{"start":{"line":82,"column":7},"end":{"line":82,"column":null}},"51":{"start":{"line":82,"column":30},"end":{"line":82,"column":null}},"52":{"start":{"line":84,"column":2},"end":{"line":97,"column":null}}},"fnMap":{"0":{"name":"calculateFootprint","decl":{"start":{"line":3,"column":16},"end":{"line":3,"column":35}},"loc":{"start":{"line":3,"column":43},"end":{"line":98,"column":null}},"line":3}},"branchMap":{"0":{"loc":{"start":{"line":5,"column":25},"end":{"line":5,"column":null}},"type":"binary-expr","locations":[{"start":{"line":5,"column":25},"end":{"line":5,"column":45}},{"start":{"line":5,"column":45},"end":{"line":5,"column":null}}],"line":5},"1":{"loc":{"start":{"line":6,"column":22},"end":{"line":6,"column":null}},"type":"binary-expr","locations":[{"start":{"line":6,"column":22},"end":{"line":6,"column":52}},{"start":{"line":6,"column":52},"end":{"line":6,"column":null}}],"line":6},"2":{"loc":{"start":{"line":7,"column":19},"end":{"line":7,"column":null}},"type":"binary-expr","locations":[{"start":{"line":7,"column":19},"end":{"line":7,"column":58}},{"start":{"line":7,"column":58},"end":{"line":7,"column":null}}],"line":7},"3":{"loc":{"start":{"line":8,"column":25},"end":{"line":8,"column":null}},"type":"binary-expr","locations":[{"start":{"line":8,"column":25},"end":{"line":8,"column":70}},{"start":{"line":8,"column":70},"end":{"line":8,"column":null}}],"line":8},"4":{"loc":{"start":{"line":9,"column":25},"end":{"line":9,"column":null}},"type":"binary-expr","locations":[{"start":{"line":9,"column":25},"end":{"line":9,"column":70}},{"start":{"line":9,"column":70},"end":{"line":9,"column":null}}],"line":9},"5":{"loc":{"start":{"line":11,"column":20},"end":{"line":11,"column":null}},"type":"binary-expr","locations":[{"start":{"line":11,"column":20},"end":{"line":11,"column":54}},{"start":{"line":11,"column":54},"end":{"line":11,"column":null}}],"line":11},"6":{"loc":{"start":{"line":22,"column":4},"end":{"line":22,"column":null}},"type":"cond-expr","locations":[{"start":{"line":22,"column":30},"end":{"line":22,"column":44}},{"start":{"line":22,"column":44},"end":{"line":22,"column":null}}],"line":22},"7":{"loc":{"start":{"line":22,"column":44},"end":{"line":22,"column":null}},"type":"cond-expr","locations":[{"start":{"line":22,"column":68},"end":{"line":22,"column":80}},{"start":{"line":22,"column":80},"end":{"line":22,"column":null}}],"line":22},"8":{"loc":{"start":{"line":29,"column":20},"end":{"line":29,"column":null}},"type":"binary-expr","locations":[{"start":{"line":29,"column":20},"end":{"line":29,"column":35}},{"start":{"line":29,"column":35},"end":{"line":29,"column":null}}],"line":29},"9":{"loc":{"start":{"line":30,"column":19},"end":{"line":30,"column":null}},"type":"binary-expr","locations":[{"start":{"line":30,"column":19},"end":{"line":30,"column":41}},{"start":{"line":30,"column":41},"end":{"line":30,"column":null}}],"line":30},"10":{"loc":{"start":{"line":31,"column":21},"end":{"line":31,"column":null}},"type":"binary-expr","locations":[{"start":{"line":31,"column":21},"end":{"line":31,"column":45}},{"start":{"line":31,"column":45},"end":{"line":31,"column":null}}],"line":31},"11":{"loc":{"start":{"line":32,"column":27},"end":{"line":32,"column":null}},"type":"binary-expr","locations":[{"start":{"line":32,"column":27},"end":{"line":32,"column":69}},{"start":{"line":32,"column":69},"end":{"line":32,"column":null}}],"line":32},"12":{"loc":{"start":{"line":34,"column":21},"end":{"line":34,"column":null}},"type":"binary-expr","locations":[{"start":{"line":34,"column":21},"end":{"line":34,"column":47}},{"start":{"line":34,"column":47},"end":{"line":34,"column":null}}],"line":34},"13":{"loc":{"start":{"line":35,"column":26},"end":{"line":35,"column":null}},"type":"cond-expr","locations":[{"start":{"line":35,"column":49},"end":{"line":35,"column":55}},{"start":{"line":35,"column":55},"end":{"line":35,"column":null}}],"line":35},"14":{"loc":{"start":{"line":35,"column":55},"end":{"line":35,"column":null}},"type":"cond-expr","locations":[{"start":{"line":35,"column":79},"end":{"line":35,"column":85}},{"start":{"line":35,"column":85},"end":{"line":35,"column":null}}],"line":35},"15":{"loc":{"start":{"line":41,"column":20},"end":{"line":41,"column":null}},"type":"binary-expr","locations":[{"start":{"line":41,"column":20},"end":{"line":41,"column":35}},{"start":{"line":41,"column":35},"end":{"line":41,"column":null}}],"line":41},"16":{"loc":{"start":{"line":42,"column":21},"end":{"line":42,"column":null}},"type":"binary-expr","locations":[{"start":{"line":42,"column":21},"end":{"line":42,"column":57}},{"start":{"line":42,"column":57},"end":{"line":42,"column":null}}],"line":42},"17":{"loc":{"start":{"line":43,"column":31},"end":{"line":43,"column":null}},"type":"binary-expr","locations":[{"start":{"line":43,"column":31},"end":{"line":43,"column":77}},{"start":{"line":43,"column":77},"end":{"line":43,"column":null}}],"line":43},"18":{"loc":{"start":{"line":51,"column":25},"end":{"line":51,"column":null}},"type":"binary-expr","locations":[{"start":{"line":51,"column":25},"end":{"line":51,"column":45}},{"start":{"line":51,"column":45},"end":{"line":51,"column":null}}],"line":51},"19":{"loc":{"start":{"line":52,"column":31},"end":{"line":52,"column":null}},"type":"binary-expr","locations":[{"start":{"line":52,"column":31},"end":{"line":52,"column":82}},{"start":{"line":52,"column":82},"end":{"line":52,"column":null}}],"line":52},"20":{"loc":{"start":{"line":53,"column":28},"end":{"line":53,"column":null}},"type":"binary-expr","locations":[{"start":{"line":53,"column":28},"end":{"line":53,"column":76}},{"start":{"line":53,"column":76},"end":{"line":53,"column":null}}],"line":53},"21":{"loc":{"start":{"line":54,"column":26},"end":{"line":54,"column":null}},"type":"binary-expr","locations":[{"start":{"line":54,"column":26},"end":{"line":54,"column":60}},{"start":{"line":54,"column":60},"end":{"line":54,"column":null}}],"line":54},"22":{"loc":{"start":{"line":59,"column":4},"end":{"line":59,"column":null}},"type":"cond-expr","locations":[{"start":{"line":59,"column":33},"end":{"line":59,"column":39}},{"start":{"line":59,"column":39},"end":{"line":59,"column":null}}],"line":59},"23":{"loc":{"start":{"line":59,"column":39},"end":{"line":59,"column":null}},"type":"cond-expr","locations":[{"start":{"line":59,"column":68},"end":{"line":59,"column":74}},{"start":{"line":59,"column":74},"end":{"line":59,"column":null}}],"line":59},"24":{"loc":{"start":{"line":80,"column":2},"end":{"line":82,"column":null}},"type":"if","locations":[{"start":{"line":80,"column":2},"end":{"line":82,"column":null}},{"start":{"line":81,"column":7},"end":{"line":82,"column":null}}],"line":80},"25":{"loc":{"start":{"line":81,"column":7},"end":{"line":82,"column":null}},"type":"if","locations":[{"start":{"line":81,"column":7},"end":{"line":82,"column":null}},{"start":{"line":82,"column":7},"end":{"line":82,"column":null}}],"line":81},"26":{"loc":{"start":{"line":82,"column":7},"end":{"line":82,"column":null}},"type":"if","locations":[{"start":{"line":82,"column":7},"end":{"line":82,"column":null}},{"start":{},"end":{}}],"line":82}},"s":{"0":9,"1":9,"2":9,"3":9,"4":9,"5":9,"6":9,"7":9,"8":9,"9":9,"10":9,"11":9,"12":9,"13":9,"14":9,"15":9,"16":9,"17":9,"18":9,"19":9,"20":9,"21":9,"22":9,"23":9,"24":9,"25":9,"26":9,"27":9,"28":9,"29":9,"30":9,"31":9,"32":9,"33":9,"34":9,"35":9,"36":9,"37":9,"38":9,"39":9,"40":9,"41":9,"42":9,"43":9,"44":9,"45":9,"46":9,"47":6,"48":3,"49":1,"50":2,"51":0,"52":9},"f":{"0":9},"b":{"0":[9,4],"1":[9,6],"2":[9,6],"3":[9,8],"4":[9,7],"5":[9,0],"6":[1,8],"7":[0,8],"8":[9,6],"9":[9,6],"10":[9,7],"11":[9,7],"12":[9,0],"13":[2,7],"14":[0,7],"15":[9,5],"16":[9,7],"17":[9,7],"18":[9,6],"19":[9,8],"20":[9,8],"21":[9,7],"22":[0,9],"23":[2,7],"24":[6,3],"25":[1,2],"26":[0,2]},"meta":{"lastBranch":27,"lastFunction":1,"lastStatement":53,"seen":{"f:3:16:3:35":0,"s:5:25:5:Infinity":0,"b:5:25:5:45:5:45:5:Infinity":0,"s:6:22:6:Infinity":1,"b:6:22:6:52:6:52:6:Infinity":1,"s:7:19:7:Infinity":2,"b:7:19:7:58:7:58:7:Infinity":2,"s:8:25:8:Infinity":3,"b:8:25:8:70:8:70:8:Infinity":3,"s:9:25:9:Infinity":4,"b:9:25:9:70:9:70:9:Infinity":4,"s:11:20:11:Infinity":5,"b:11:20:11:54:11:54:11:Infinity":5,"s:12:20:12:Infinity":6,"s:13:22:13:Infinity":7,"s:14:23:14:Infinity":8,"s:16:22:16:Infinity":9,"s:17:26:17:Infinity":10,"s:19:23:19:Infinity":11,"s:22:4:22:Infinity":12,"b:22:30:22:44:22:44:22:Infinity":6,"b:22:68:22:80:22:80:22:Infinity":7,"s:23:27:23:Infinity":13,"s:24:26:24:Infinity":14,"s:26:25:26:Infinity":15,"s:29:20:29:Infinity":16,"b:29:20:29:35:29:35:29:Infinity":8,"s:30:19:30:Infinity":17,"b:30:19:30:41:30:41:30:Infinity":9,"s:31:21:31:Infinity":18,"b:31:21:31:45:31:45:31:Infinity":10,"s:32:27:32:Infinity":19,"b:32:27:32:69:32:69:32:Infinity":11,"s:34:21:34:Infinity":20,"b:34:21:34:47:34:47:34:Infinity":12,"s:35:26:35:Infinity":21,"b:35:49:35:55:35:55:35:Infinity":13,"b:35:79:35:85:35:85:35:Infinity":14,"s:36:30:36:Infinity":22,"s:38:20:38:Infinity":23,"s:41:20:41:Infinity":24,"b:41:20:41:35:41:35:41:Infinity":15,"s:42:21:42:Infinity":25,"b:42:21:42:57:42:57:42:Infinity":16,"s:43:31:43:Infinity":26,"b:43:31:43:77:43:77:43:Infinity":17,"s:45:31:45:Infinity":27,"s:46:23:46:Infinity":28,"s:48:20:48:Infinity":29,"s:51:25:51:Infinity":30,"b:51:25:51:45:51:45:51:Infinity":18,"s:52:31:52:Infinity":31,"b:52:31:52:82:52:82:52:Infinity":19,"s:53:28:53:Infinity":32,"b:53:28:53:76:53:76:53:Infinity":20,"s:54:26:54:Infinity":33,"b:54:26:54:60:54:60:54:Infinity":21,"s:56:25:56:Infinity":34,"s:57:23:57:Infinity":35,"s:59:4:59:Infinity":36,"b:59:33:59:39:59:39:59:Infinity":22,"b:59:68:59:74:59:74:59:Infinity":23,"s:61:28:61:Infinity":37,"s:62:26:62:Infinity":38,"s:64:8:64:Infinity":39,"s:67:18:67:Infinity":40,"s:68:20:68:Infinity":41,"s:73:26:73:Infinity":42,"s:74:19:74:Infinity":43,"s:75:2:75:Infinity":44,"s:79:14:79:Infinity":45,"b:80:2:82:Infinity:81:7:82:Infinity":24,"s:80:2:82:Infinity":46,"s:80:25:80:Infinity":47,"b:81:7:82:Infinity:82:7:82:Infinity":25,"s:81:7:82:Infinity":48,"s:81:30:81:Infinity":49,"b:82:7:82:Infinity:undefined:undefined:undefined:undefined":26,"s:82:7:82:Infinity":50,"s:82:30:82:Infinity":51,"s:84:2:97:Infinity":52},"fnNames":{}}}
}
